INFO (2016-11-14 09:00:30): Web UI Has started on: http://localhost:3040
INFO (2016-11-14 09:00:31): Product is licensed to: Formaplex Ltd., From: November 1st 2016, 10:34:51 am to November 1st 2017, 10:34:51 am
INFO (2016-11-14 09:00:31): CSV File Written
INFO (2016-11-14 09:01:31): CSV File Written
INFO (2016-11-14 09:02:31): CSV File Written
INFO (2016-11-14 09:03:31): CSV File Written
INFO (2016-11-14 09:04:31): CSV File Written
INFO (2016-11-14 09:05:31): CSV File Written
INFO (2016-11-14 09:06:31): CSV File Written
INFO (2016-11-14 09:07:31): CSV File Written
INFO (2016-11-14 09:08:31): CSV File Written
INFO (2016-11-14 09:09:31): CSV File Written
INFO (2016-11-14 09:10:31): CSV File Written
INFO (2016-11-14 09:11:31): CSV File Written
INFO (2016-11-14 09:12:31): CSV File Written
INFO (2016-11-14 09:13:31): CSV File Written
INFO (2016-11-14 09:14:09): Web UI Has started on: http://localhost:3040
INFO (2016-11-14 09:14:09): Product is licensed to: Formaplex Ltd., From: November 1st 2016, 10:34:51 am to November 1st 2017, 10:34:51 am
INFO (2016-11-14 09:51:10): CSV File Written Successfully
INFO (2016-11-14 11:02:11): CSV File Written Successfully
INFO (2016-11-14 11:38:33): Web UI Has started on: http://localhost:3040
INFO (2016-11-14 11:38:34): Product is licensed to: Formaplex Ltd., From: November 1st 2016, 10:34:51 am to November 1st 2017, 10:34:51 am
WARNING (2016-11-14 11:38:44): Incorrect login attempt, username: gsfdgdfsg
WARNING (2016-11-14 11:38:53): Incorrect login attempt, username: Administrator
INFO (2016-11-14 12:48:34): CSV File Written Successfully
INFO (2016-11-14 12:49:34): CSV File Written Successfully
INFO (2016-11-14 13:13:34): CSV File Written Successfully
INFO (2016-11-14 13:22:35): CSV File Written Successfully
INFO (2016-11-14 13:27:35): CSV File Written Successfully
INFO (2016-11-14 13:28:35): CSV File Written Successfully
INFO (2016-11-14 13:32:35): CSV File Written Successfully
INFO (2016-11-14 13:33:35): CSV File Written Successfully
INFO (2016-11-14 13:34:35): CSV File Written Successfully
INFO (2016-11-14 13:35:35): CSV File Written Successfully
INFO (2016-11-14 13:37:35): CSV File Written Successfully
INFO (2016-11-14 13:39:35): CSV File Written Successfully
INFO (2016-11-14 13:42:35): CSV File Written Successfully
INFO (2016-11-14 13:47:35): CSV File Written Successfully
INFO (2016-11-14 14:00:35): CSV File Written Successfully
INFO (2016-11-14 14:01:35): CSV File Written Successfully
INFO (2016-11-14 14:02:35): CSV File Written Successfully
INFO (2016-11-14 14:03:35): CSV File Written Successfully
INFO (2016-11-14 14:04:35): CSV File Written Successfully
INFO (2016-11-14 14:40:36): CSV File Written Successfully
INFO (2016-11-14 15:01:36): CSV File Written Successfully
INFO (2016-11-14 15:09:36): CSV File Written Successfully
INFO (2016-11-14 15:30:36): CSV File Written Successfully
INFO (2016-11-14 15:31:36): CSV File Written Successfully
INFO (2016-11-14 15:59:37): CSV File Written Successfully
INFO (2016-11-14 16:00:37): CSV File Written Successfully
INFO (2016-11-14 16:02:37): CSV File Written Successfully
INFO (2016-11-14 16:04:37): CSV File Written Successfully
INFO (2016-11-14 16:06:37): CSV File Written Successfully
INFO (2016-11-14 16:07:37): CSV File Written Successfully
INFO (2016-11-14 16:11:37): CSV File Written Successfully
INFO (2016-11-14 16:12:37): CSV File Written Successfully
INFO (2016-11-14 16:14:37): CSV File Written Successfully
INFO (2016-11-14 16:16:37): CSV File Written Successfully
INFO (2016-11-14 16:17:37): CSV File Written Successfully
INFO (2016-11-14 16:18:37): CSV File Written Successfully
INFO (2016-11-14 16:26:37): CSV File Written Successfully
INFO (2016-11-14 16:27:37): CSV File Written Successfully
INFO (2016-11-14 16:30:37): CSV File Written Successfully
INFO (2016-11-14 16:31:37): CSV File Written Successfully
INFO (2016-11-14 16:32:37): CSV File Written Successfully
INFO (2016-11-14 16:33:37): CSV File Written Successfully
INFO (2016-11-14 16:34:37): CSV File Written Successfully
INFO (2016-11-14 16:35:37): CSV File Written Successfully
INFO (2016-11-14 16:36:37): CSV File Written Successfully
INFO (2016-11-14 16:38:37): CSV File Written Successfully
INFO (2016-11-14 16:44:37): CSV File Written Successfully
INFO (2016-11-14 16:47:37): CSV File Written Successfully
INFO (2016-11-14 16:49:37): CSV File Written Successfully
INFO (2016-11-14 16:56:37): CSV File Written Successfully
INFO (2016-11-14 16:57:37): CSV File Written Successfully
INFO (2016-11-14 16:58:37): CSV File Written Successfully
INFO (2016-11-14 16:59:37): CSV File Written Successfully
INFO (2016-11-14 17:00:38): CSV File Written Successfully
INFO (2016-11-14 17:04:38): CSV File Written Successfully
INFO (2016-11-14 17:05:38): CSV File Written Successfully
INFO (2016-11-14 17:07:38): CSV File Written Successfully
INFO (2016-11-14 17:11:38): CSV File Written Successfully
INFO (2016-11-14 17:13:38): CSV File Written Successfully
INFO (2016-11-14 17:14:38): CSV File Written Successfully
INFO (2016-11-14 17:16:38): CSV File Written Successfully
INFO (2016-11-14 17:18:38): CSV File Written Successfully
INFO (2016-11-14 17:30:38): CSV File Written Successfully
INFO (2016-11-14 17:31:38): CSV File Written Successfully
INFO (2016-11-14 17:32:38): CSV File Written Successfully
INFO (2016-11-14 17:33:38): CSV File Written Successfully
INFO (2016-11-14 17:40:38): CSV File Written Successfully
INFO (2016-11-14 17:41:38): CSV File Written Successfully
INFO (2016-11-14 17:45:38): CSV File Written Successfully
INFO (2016-11-14 17:46:38): CSV File Written Successfully
INFO (2016-11-14 17:48:38): CSV File Written Successfully
INFO (2016-11-14 17:49:38): CSV File Written Successfully
INFO (2016-11-14 17:55:38): CSV File Written Successfully
INFO (2016-11-14 18:00:38): CSV File Written Successfully
INFO (2016-11-14 18:01:38): CSV File Written Successfully
INFO (2016-11-14 18:02:38): CSV File Written Successfully
INFO (2016-11-14 18:05:38): CSV File Written Successfully
INFO (2016-11-14 18:10:38): CSV File Written Successfully
INFO (2016-11-14 18:16:38): CSV File Written Successfully
INFO (2016-11-14 18:28:38): CSV File Written Successfully
INFO (2016-11-14 18:58:39): CSV File Written Successfully
INFO (2016-11-14 19:04:39): CSV File Written Successfully
INFO (2016-11-14 19:58:39): CSV File Written Successfully
INFO (2016-11-14 20:08:40): CSV File Written Successfully
INFO (2016-11-14 21:26:41): CSV File Written Successfully
INFO (2016-11-14 21:27:41): CSV File Written Successfully
INFO (2016-11-14 21:30:41): CSV File Written Successfully
INFO (2016-11-14 21:31:41): CSV File Written Successfully
INFO (2016-11-14 21:34:41): CSV File Written Successfully
INFO (2016-11-14 21:37:41): CSV File Written Successfully
INFO (2016-11-14 21:39:41): CSV File Written Successfully
INFO (2016-11-14 21:41:41): CSV File Written Successfully
INFO (2016-11-14 21:42:41): CSV File Written Successfully
INFO (2016-11-14 21:43:41): CSV File Written Successfully
INFO (2016-11-14 22:00:41): CSV File Written Successfully
INFO (2016-11-14 22:01:41): CSV File Written Successfully
INFO (2016-11-14 22:03:41): CSV File Written Successfully
INFO (2016-11-14 22:05:41): CSV File Written Successfully
INFO (2016-11-14 22:12:41): CSV File Written Successfully
INFO (2016-11-15 04:02:45): CSV File Written Successfully
INFO (2016-11-15 05:23:46): CSV File Written Successfully
INFO (2016-11-15 05:26:46): CSV File Written Successfully
INFO (2016-11-15 05:29:46): CSV File Written Successfully
INFO (2016-11-15 05:39:46): CSV File Written Successfully
INFO (2016-11-15 05:43:46): CSV File Written Successfully
INFO (2016-11-15 05:44:46): CSV File Written Successfully
INFO (2016-11-15 05:46:46): CSV File Written Successfully
INFO (2016-11-15 05:50:46): CSV File Written Successfully
INFO (2016-11-15 05:55:46): CSV File Written Successfully
INFO (2016-11-15 05:57:46): CSV File Written Successfully
INFO (2016-11-15 05:59:46): CSV File Written Successfully
INFO (2016-11-15 06:00:46): CSV File Written Successfully
INFO (2016-11-15 06:01:46): CSV File Written Successfully
INFO (2016-11-15 06:02:46): CSV File Written Successfully
INFO (2016-11-15 06:06:46): CSV File Written Successfully
INFO (2016-11-15 06:07:46): CSV File Written Successfully
INFO (2016-11-15 06:08:46): CSV File Written Successfully
INFO (2016-11-15 06:11:46): CSV File Written Successfully
INFO (2016-11-15 06:23:46): CSV File Written Successfully
INFO (2016-11-15 06:32:46): CSV File Written Successfully
INFO (2016-11-15 06:35:46): CSV File Written Successfully
INFO (2016-11-15 06:40:47): CSV File Written Successfully
INFO (2016-11-15 06:41:47): CSV File Written Successfully
INFO (2016-11-15 06:42:47): CSV File Written Successfully
INFO (2016-11-15 06:44:47): CSV File Written Successfully
INFO (2016-11-15 06:50:47): CSV File Written Successfully
INFO (2016-11-15 07:05:47): CSV File Written Successfully
INFO (2016-11-15 07:06:47): CSV File Written Successfully
INFO (2016-11-15 07:07:47): CSV File Written Successfully
INFO (2016-11-15 07:09:47): CSV File Written Successfully
INFO (2016-11-15 07:13:47): CSV File Written Successfully
INFO (2016-11-15 07:14:47): CSV File Written Successfully
INFO (2016-11-15 07:16:47): CSV File Written Successfully
INFO (2016-11-15 07:19:47): CSV File Written Successfully
ERROR (2016-11-15 07:21:47): Error: ENOENT: no such file or directory, rename 'C:\Program Files\SoftworksTBSMiddleware\temp\trans_151120160721.con' -> 'C:\Trans\trans_151120160721.txt'
ERROR (2016-11-15 07:21:47): Caught exception: TypeError: msg.trim is not a function
INFO (2016-11-15 07:22:47): CSV File Written Successfully
INFO (2016-11-15 07:23:47): CSV File Written Successfully
INFO (2016-11-15 07:24:47): CSV File Written Successfully
INFO (2016-11-15 07:26:47): CSV File Written Successfully
INFO (2016-11-15 07:27:47): CSV File Written Successfully
INFO (2016-11-15 07:29:47): CSV File Written Successfully
INFO (2016-11-15 07:32:47): CSV File Written Successfully
INFO (2016-11-15 07:33:47): CSV File Written Successfully
INFO (2016-11-15 07:35:47): CSV File Written Successfully
INFO (2016-11-15 07:40:47): CSV File Written Successfully
INFO (2016-11-15 07:41:47): CSV File Written Successfully
INFO (2016-11-15 07:42:47): CSV File Written Successfully
INFO (2016-11-15 07:43:47): CSV File Written Successfully
INFO (2016-11-15 07:44:47): CSV File Written Successfully
INFO (2016-11-15 07:47:47): CSV File Written Successfully
INFO (2016-11-15 07:48:47): CSV File Written Successfully
INFO (2016-11-15 07:49:47): CSV File Written Successfully
INFO (2016-11-15 07:51:47): CSV File Written Successfully
INFO (2016-11-15 07:52:47): CSV File Written Successfully
INFO (2016-11-15 07:54:47): CSV File Written Successfully
INFO (2016-11-15 07:55:47): CSV File Written Successfully
INFO (2016-11-15 07:56:47): CSV File Written Successfully
INFO (2016-11-15 07:59:47): CSV File Written Successfully
INFO (2016-11-15 08:02:47): CSV File Written Successfully
INFO (2016-11-15 08:03:47): CSV File Written Successfully
INFO (2016-11-15 08:07:47): CSV File Written Successfully
INFO (2016-11-15 08:09:48): CSV File Written Successfully
INFO (2016-11-15 08:11:48): CSV File Written Successfully
INFO (2016-11-15 08:12:48): CSV File Written Successfully
INFO (2016-11-15 08:14:48): CSV File Written Successfully
INFO (2016-11-15 08:15:48): CSV File Written Successfully
INFO (2016-11-15 08:16:48): CSV File Written Successfully
INFO (2016-11-15 08:19:48): CSV File Written Successfully
INFO (2016-11-15 08:20:48): CSV File Written Successfully
INFO (2016-11-15 08:21:48): CSV File Written Successfully
INFO (2016-11-15 08:22:48): CSV File Written Successfully
INFO (2016-11-15 08:23:48): CSV File Written Successfully
INFO (2016-11-15 08:24:48): CSV File Written Successfully
INFO (2016-11-15 08:25:48): CSV File Written Successfully
INFO (2016-11-15 08:26:48): CSV File Written Successfully
INFO (2016-11-15 08:27:48): CSV File Written Successfully
INFO (2016-11-15 08:54:48): CSV File Written Successfully
INFO (2016-11-15 09:00:48): CSV File Written Successfully
INFO (2016-11-15 09:35:48): CSV File Written Successfully
INFO (2016-11-15 09:53:49): CSV File Written Successfully
INFO (2016-11-15 11:01:49): CSV File Written Successfully
INFO (2016-11-15 11:53:50): CSV File Written Successfully
INFO (2016-11-15 12:41:50): CSV File Written Successfully
INFO (2016-11-15 12:47:50): CSV File Written Successfully
INFO (2016-11-15 12:50:51): CSV File Written Successfully
INFO (2016-11-15 12:59:51): CSV File Written Successfully
INFO (2016-11-15 13:07:51): CSV File Written Successfully
INFO (2016-11-15 13:14:51): CSV File Written Successfully
INFO (2016-11-15 13:19:51): CSV File Written Successfully
INFO (2016-11-15 13:32:51): CSV File Written Successfully
INFO (2016-11-15 13:33:51): CSV File Written Successfully
INFO (2016-11-15 13:34:51): CSV File Written Successfully
INFO (2016-11-15 13:35:51): CSV File Written Successfully
INFO (2016-11-15 13:37:51): CSV File Written Successfully
INFO (2016-11-15 13:40:51): CSV File Written Successfully
INFO (2016-11-15 13:41:51): CSV File Written Successfully
INFO (2016-11-15 13:44:51): CSV File Written Successfully
INFO (2016-11-15 13:52:51): CSV File Written Successfully
INFO (2016-11-15 13:59:51): CSV File Written Successfully
INFO (2016-11-15 14:00:51): CSV File Written Successfully
INFO (2016-11-15 14:01:51): CSV File Written Successfully
INFO (2016-11-15 14:02:51): CSV File Written Successfully
INFO (2016-11-15 14:53:52): CSV File Written Successfully
INFO (2016-11-15 15:10:52): CSV File Written Successfully
INFO (2016-11-15 15:26:52): CSV File Written Successfully
INFO (2016-11-15 15:49:53): CSV File Written Successfully
INFO (2016-11-15 16:00:53): CSV File Written Successfully
INFO (2016-11-15 16:02:53): CSV File Written Successfully
INFO (2016-11-15 16:03:53): CSV File Written Successfully
INFO (2016-11-15 16:04:53): CSV File Written Successfully
INFO (2016-11-15 16:05:53): CSV File Written Successfully
INFO (2016-11-15 16:08:53): CSV File Written Successfully
INFO (2016-11-15 16:18:53): CSV File Written Successfully
INFO (2016-11-15 16:20:53): CSV File Written Successfully
INFO (2016-11-15 16:27:53): CSV File Written Successfully
INFO (2016-11-15 16:29:53): CSV File Written Successfully
INFO (2016-11-15 16:30:53): CSV File Written Successfully
INFO (2016-11-15 16:31:53): CSV File Written Successfully
INFO (2016-11-15 16:32:53): CSV File Written Successfully
INFO (2016-11-15 16:33:53): CSV File Written Successfully
INFO (2016-11-15 16:35:53): CSV File Written Successfully
INFO (2016-11-15 16:36:53): CSV File Written Successfully
INFO (2016-11-15 16:37:53): CSV File Written Successfully
INFO (2016-11-15 16:48:53): CSV File Written Successfully
INFO (2016-11-15 16:53:53): CSV File Written Successfully
INFO (2016-11-15 16:56:53): CSV File Written Successfully
INFO (2016-11-15 16:58:53): CSV File Written Successfully
INFO (2016-11-15 17:00:53): CSV File Written Successfully
INFO (2016-11-15 17:01:53): CSV File Written Successfully
INFO (2016-11-15 17:11:53): CSV File Written Successfully
INFO (2016-11-15 17:12:53): CSV File Written Successfully
INFO (2016-11-15 17:16:54): CSV File Written Successfully
INFO (2016-11-15 17:22:54): CSV File Written Successfully
INFO (2016-11-15 17:24:54): CSV File Written Successfully
INFO (2016-11-15 17:25:54): CSV File Written Successfully
INFO (2016-11-15 17:30:54): CSV File Written Successfully
INFO (2016-11-15 17:31:54): CSV File Written Successfully
INFO (2016-11-15 17:33:54): CSV File Written Successfully
INFO (2016-11-15 17:34:54): CSV File Written Successfully
INFO (2016-11-15 17:43:54): CSV File Written Successfully
INFO (2016-11-15 17:45:54): CSV File Written Successfully
INFO (2016-11-15 17:46:54): CSV File Written Successfully
INFO (2016-11-15 17:47:54): CSV File Written Successfully
INFO (2016-11-15 17:48:54): CSV File Written Successfully
INFO (2016-11-15 17:54:54): CSV File Written Successfully
INFO (2016-11-15 17:55:54): CSV File Written Successfully
INFO (2016-11-15 17:56:54): CSV File Written Successfully
INFO (2016-11-15 17:58:54): CSV File Written Successfully
INFO (2016-11-15 18:00:54): CSV File Written Successfully
INFO (2016-11-15 18:10:54): CSV File Written Successfully
INFO (2016-11-15 18:18:54): CSV File Written Successfully
INFO (2016-11-15 18:20:54): CSV File Written Successfully
INFO (2016-11-15 18:21:54): CSV File Written Successfully
INFO (2016-11-15 18:32:54): CSV File Written Successfully
INFO (2016-11-15 18:38:54): CSV File Written Successfully
INFO (2016-11-15 18:40:54): CSV File Written Successfully
INFO (2016-11-15 18:45:54): CSV File Written Successfully
INFO (2016-11-15 18:57:55): CSV File Written Successfully
INFO (2016-11-15 19:30:55): CSV File Written Successfully
INFO (2016-11-15 19:51:55): CSV File Written Successfully
INFO (2016-11-15 19:56:55): CSV File Written Successfully
INFO (2016-11-15 20:40:56): CSV File Written Successfully
INFO (2016-11-15 21:25:56): CSV File Written Successfully
INFO (2016-11-15 21:30:56): CSV File Written Successfully
INFO (2016-11-15 21:35:56): CSV File Written Successfully
INFO (2016-11-15 21:38:56): CSV File Written Successfully
INFO (2016-11-15 21:40:56): CSV File Written Successfully
INFO (2016-11-15 21:41:56): CSV File Written Successfully
INFO (2016-11-15 21:42:56): CSV File Written Successfully
INFO (2016-11-15 22:00:57): CSV File Written Successfully
INFO (2016-11-15 22:05:57): CSV File Written Successfully
INFO (2016-11-15 22:07:57): CSV File Written Successfully
INFO (2016-11-15 22:10:57): CSV File Written Successfully
INFO (2016-11-15 23:53:58): CSV File Written Successfully
INFO (2016-11-16 04:01:01): CSV File Written Successfully
INFO (2016-11-16 05:23:02): CSV File Written Successfully
INFO (2016-11-16 05:26:02): CSV File Written Successfully
INFO (2016-11-16 05:28:02): CSV File Written Successfully
INFO (2016-11-16 05:29:02): CSV File Written Successfully
INFO (2016-11-16 05:32:02): CSV File Written Successfully
INFO (2016-11-16 05:40:02): CSV File Written Successfully
INFO (2016-11-16 05:42:02): CSV File Written Successfully
INFO (2016-11-16 05:43:02): CSV File Written Successfully
INFO (2016-11-16 05:44:02): CSV File Written Successfully
INFO (2016-11-16 05:47:02): CSV File Written Successfully
INFO (2016-11-16 05:48:02): CSV File Written Successfully
INFO (2016-11-16 05:50:02): CSV File Written Successfully
INFO (2016-11-16 06:00:02): CSV File Written Successfully
INFO (2016-11-16 06:01:02): CSV File Written Successfully
INFO (2016-11-16 06:02:02): CSV File Written Successfully
INFO (2016-11-16 06:04:02): CSV File Written Successfully
INFO (2016-11-16 06:06:02): CSV File Written Successfully
INFO (2016-11-16 06:07:03): CSV File Written Successfully
INFO (2016-11-16 06:23:03): CSV File Written Successfully
INFO (2016-11-16 06:25:03): CSV File Written Successfully
INFO (2016-11-16 06:27:03): CSV File Written Successfully
INFO (2016-11-16 06:29:03): CSV File Written Successfully
INFO (2016-11-16 06:35:03): CSV File Written Successfully
INFO (2016-11-16 06:38:03): CSV File Written Successfully
INFO (2016-11-16 06:42:03): CSV File Written Successfully
INFO (2016-11-16 06:49:03): CSV File Written Successfully
INFO (2016-11-16 06:55:03): CSV File Written Successfully
INFO (2016-11-16 07:00:03): CSV File Written Successfully
INFO (2016-11-16 07:03:03): CSV File Written Successfully
INFO (2016-11-16 07:05:03): CSV File Written Successfully
INFO (2016-11-16 07:07:03): CSV File Written Successfully
INFO (2016-11-16 07:09:03): CSV File Written Successfully
INFO (2016-11-16 07:11:03): CSV File Written Successfully
INFO (2016-11-16 07:12:03): CSV File Written Successfully
INFO (2016-11-16 07:16:03): CSV File Written Successfully
INFO (2016-11-16 07:18:03): CSV File Written Successfully
INFO (2016-11-16 07:19:03): CSV File Written Successfully
INFO (2016-11-16 07:20:03): CSV File Written Successfully
INFO (2016-11-16 07:24:03): CSV File Written Successfully
INFO (2016-11-16 07:26:03): CSV File Written Successfully
INFO (2016-11-16 07:27:03): CSV File Written Successfully
INFO (2016-11-16 07:28:03): CSV File Written Successfully
INFO (2016-11-16 07:30:03): CSV File Written Successfully
INFO (2016-11-16 07:31:03): CSV File Written Successfully
INFO (2016-11-16 07:34:03): CSV File Written Successfully
INFO (2016-11-16 07:36:03): CSV File Written Successfully
INFO (2016-11-16 07:37:03): CSV File Written Successfully
INFO (2016-11-16 07:39:03): CSV File Written Successfully
INFO (2016-11-16 07:40:03): CSV File Written Successfully
INFO (2016-11-16 07:41:03): CSV File Written Successfully
INFO (2016-11-16 07:42:03): CSV File Written Successfully
INFO (2016-11-16 07:43:04): CSV File Written Successfully
INFO (2016-11-16 07:45:04): CSV File Written Successfully
INFO (2016-11-16 07:49:04): CSV File Written Successfully
INFO (2016-11-16 07:52:04): CSV File Written Successfully
INFO (2016-11-16 07:54:04): CSV File Written Successfully
INFO (2016-11-16 07:56:04): CSV File Written Successfully
INFO (2016-11-16 07:58:04): CSV File Written Successfully
INFO (2016-11-16 07:59:04): CSV File Written Successfully
INFO (2016-11-16 08:02:04): CSV File Written Successfully
INFO (2016-11-16 08:07:04): CSV File Written Successfully
INFO (2016-11-16 08:13:04): CSV File Written Successfully
INFO (2016-11-16 08:17:04): CSV File Written Successfully
INFO (2016-11-16 08:19:04): CSV File Written Successfully
INFO (2016-11-16 08:21:04): CSV File Written Successfully
INFO (2016-11-16 08:22:04): CSV File Written Successfully
INFO (2016-11-16 08:23:04): CSV File Written Successfully
INFO (2016-11-16 08:24:04): CSV File Written Successfully
INFO (2016-11-16 08:26:04): CSV File Written Successfully
INFO (2016-11-16 08:27:04): CSV File Written Successfully
INFO (2016-11-16 08:29:04): CSV File Written Successfully
INFO (2016-11-16 08:30:04): CSV File Written Successfully
INFO (2016-11-16 08:31:04): CSV File Written Successfully
INFO (2016-11-16 08:32:04): CSV File Written Successfully
INFO (2016-11-16 08:35:04): CSV File Written Successfully
INFO (2016-11-16 08:37:04): CSV File Written Successfully
INFO (2016-11-16 08:40:04): CSV File Written Successfully
INFO (2016-11-16 08:42:04): CSV File Written Successfully
INFO (2016-11-16 08:51:04): CSV File Written Successfully
INFO (2016-11-16 08:54:04): CSV File Written Successfully
INFO (2016-11-16 08:58:04): CSV File Written Successfully
INFO (2016-11-16 09:05:04): CSV File Written Successfully
INFO (2016-11-16 09:11:04): CSV File Written Successfully
INFO (2016-11-16 09:21:05): CSV File Written Successfully
INFO (2016-11-16 09:25:05): CSV File Written Successfully
INFO (2016-11-16 09:48:05): CSV File Written Successfully
INFO (2016-11-16 09:55:05): CSV File Written Successfully
INFO (2016-11-16 10:09:05): CSV File Written Successfully
INFO (2016-11-16 10:21:05): CSV File Written Successfully
INFO (2016-11-16 11:01:06): CSV File Written Successfully
INFO (2016-11-16 11:36:06): CSV File Written Successfully
INFO (2016-11-16 12:16:07): CSV File Written Successfully
INFO (2016-11-16 12:33:07): CSV File Written Successfully
INFO (2016-11-16 12:40:07): CSV File Written Successfully
INFO (2016-11-16 12:51:07): CSV File Written Successfully
INFO (2016-11-16 12:58:07): CSV File Written Successfully
INFO (2016-11-16 13:08:07): CSV File Written Successfully
INFO (2016-11-16 13:10:07): CSV File Written Successfully
INFO (2016-11-16 13:26:07): CSV File Written Successfully
INFO (2016-11-16 13:30:07): CSV File Written Successfully
INFO (2016-11-16 13:33:07): CSV File Written Successfully
INFO (2016-11-16 13:36:07): CSV File Written Successfully
INFO (2016-11-16 13:37:07): CSV File Written Successfully
INFO (2016-11-16 13:38:07): CSV File Written Successfully
INFO (2016-11-16 13:39:08): CSV File Written Successfully
INFO (2016-11-16 13:41:08): CSV File Written Successfully
INFO (2016-11-16 13:43:08): CSV File Written Successfully
INFO (2016-11-16 14:00:08): CSV File Written Successfully
INFO (2016-11-16 14:01:08): CSV File Written Successfully
INFO (2016-11-16 14:02:08): CSV File Written Successfully
INFO (2016-11-16 14:03:08): CSV File Written Successfully
INFO (2016-11-16 14:05:08): CSV File Written Successfully
INFO (2016-11-16 14:07:08): CSV File Written Successfully
INFO (2016-11-16 14:12:08): CSV File Written Successfully
INFO (2016-11-16 14:51:08): CSV File Written Successfully
INFO (2016-11-16 14:53:08): CSV File Written Successfully
INFO (2016-11-16 15:03:08): CSV File Written Successfully
INFO (2016-11-16 15:21:09): CSV File Written Successfully
INFO (2016-11-16 15:37:09): CSV File Written Successfully
INFO (2016-11-16 15:41:09): CSV File Written Successfully
INFO (2016-11-16 15:43:09): CSV File Written Successfully
INFO (2016-11-16 15:45:09): CSV File Written Successfully
INFO (2016-11-16 15:51:09): CSV File Written Successfully
INFO (2016-11-16 16:01:09): CSV File Written Successfully
INFO (2016-11-16 16:02:09): CSV File Written Successfully
INFO (2016-11-16 16:04:09): CSV File Written Successfully
INFO (2016-11-16 16:06:09): CSV File Written Successfully
INFO (2016-11-16 16:08:09): CSV File Written Successfully
INFO (2016-11-16 16:13:09): CSV File Written Successfully
INFO (2016-11-16 16:14:09): CSV File Written Successfully
INFO (2016-11-16 16:17:09): CSV File Written Successfully
INFO (2016-11-16 16:26:09): CSV File Written Successfully
INFO (2016-11-16 16:29:09): CSV File Written Successfully
INFO (2016-11-16 16:30:09): CSV File Written Successfully
INFO (2016-11-16 16:31:09): CSV File Written Successfully
INFO (2016-11-16 16:32:09): CSV File Written Successfully
INFO (2016-11-16 16:33:09): CSV File Written Successfully
INFO (2016-11-16 16:34:09): CSV File Written Successfully
INFO (2016-11-16 16:35:09): CSV File Written Successfully
INFO (2016-11-16 16:37:09): CSV File Written Successfully
INFO (2016-11-16 16:39:10): CSV File Written Successfully
INFO (2016-11-16 16:44:10): CSV File Written Successfully
INFO (2016-11-16 16:49:10): CSV File Written Successfully
INFO (2016-11-16 16:52:10): CSV File Written Successfully
INFO (2016-11-16 16:53:10): CSV File Written Successfully
INFO (2016-11-16 17:00:10): CSV File Written Successfully
INFO (2016-11-16 17:01:10): CSV File Written Successfully
INFO (2016-11-16 17:03:10): CSV File Written Successfully
INFO (2016-11-16 17:04:10): CSV File Written Successfully
INFO (2016-11-16 17:16:10): CSV File Written Successfully
INFO (2016-11-16 17:22:10): CSV File Written Successfully
INFO (2016-11-16 17:26:10): CSV File Written Successfully
INFO (2016-11-16 17:27:10): CSV File Written Successfully
INFO (2016-11-16 17:29:10): CSV File Written Successfully
INFO (2016-11-16 17:31:10): CSV File Written Successfully
INFO (2016-11-16 17:32:10): CSV File Written Successfully
INFO (2016-11-16 17:36:10): CSV File Written Successfully
INFO (2016-11-16 17:37:10): CSV File Written Successfully
INFO (2016-11-16 17:39:10): CSV File Written Successfully
INFO (2016-11-16 17:46:10): CSV File Written Successfully
INFO (2016-11-16 17:51:10): CSV File Written Successfully
INFO (2016-11-16 17:57:10): CSV File Written Successfully
INFO (2016-11-16 17:59:10): CSV File Written Successfully
INFO (2016-11-16 18:02:10): CSV File Written Successfully
INFO (2016-11-16 18:03:10): CSV File Written Successfully
INFO (2016-11-16 18:04:10): CSV File Written Successfully
INFO (2016-11-16 18:17:11): CSV File Written Successfully
INFO (2016-11-16 18:18:11): CSV File Written Successfully
INFO (2016-11-16 18:23:11): CSV File Written Successfully
INFO (2016-11-16 18:27:11): CSV File Written Successfully
INFO (2016-11-16 18:29:11): CSV File Written Successfully
INFO (2016-11-16 18:36:11): CSV File Written Successfully
INFO (2016-11-16 18:45:11): CSV File Written Successfully
INFO (2016-11-16 18:46:11): CSV File Written Successfully
INFO (2016-11-16 18:48:11): CSV File Written Successfully
INFO (2016-11-16 18:54:11): CSV File Written Successfully
INFO (2016-11-16 18:56:11): CSV File Written Successfully
INFO (2016-11-16 19:06:11): CSV File Written Successfully
INFO (2016-11-16 19:10:11): CSV File Written Successfully
INFO (2016-11-16 19:49:12): CSV File Written Successfully
INFO (2016-11-16 19:51:12): CSV File Written Successfully
INFO (2016-11-16 19:52:12): CSV File Written Successfully
ERROR (2016-11-16 21:25:13): Error: ENOENT: no such file or directory, rename 'C:\Program Files\SoftworksTBSMiddleware\temp\trans_161120162125.con' -> 'C:\Trans\trans_161120162125.txt'
ERROR (2016-11-16 21:25:13): Caught exception: TypeError: msg.trim is not a function
INFO (2016-11-16 21:30:13): CSV File Written Successfully
INFO (2016-11-16 21:31:13): CSV File Written Successfully
INFO (2016-11-16 21:33:13): CSV File Written Successfully
INFO (2016-11-16 21:36:13): CSV File Written Successfully
INFO (2016-11-16 21:38:13): CSV File Written Successfully
INFO (2016-11-16 21:39:13): CSV File Written Successfully
INFO (2016-11-16 21:40:13): CSV File Written Successfully
INFO (2016-11-16 21:41:13): CSV File Written Successfully
INFO (2016-11-16 21:42:13): CSV File Written Successfully
INFO (2016-11-16 21:43:13): CSV File Written Successfully
INFO (2016-11-16 21:44:13): CSV File Written Successfully
INFO (2016-11-16 21:46:13): CSV File Written Successfully
INFO (2016-11-16 21:47:13): CSV File Written Successfully
INFO (2016-11-16 22:00:13): CSV File Written Successfully
INFO (2016-11-16 22:01:13): CSV File Written Successfully
INFO (2016-11-16 22:02:13): CSV File Written Successfully
INFO (2016-11-16 22:04:13): CSV File Written Successfully
INFO (2016-11-16 22:13:14): CSV File Written Successfully
INFO (2016-11-16 22:41:14): CSV File Written Successfully
INFO (2016-11-17 05:04:18): CSV File Written Successfully
INFO (2016-11-17 05:17:19): CSV File Written Successfully
INFO (2016-11-17 05:18:19): CSV File Written Successfully
INFO (2016-11-17 05:27:19): CSV File Written Successfully
INFO (2016-11-17 05:28:19): CSV File Written Successfully
INFO (2016-11-17 05:31:19): CSV File Written Successfully
INFO (2016-11-17 05:37:19): CSV File Written Successfully
INFO (2016-11-17 05:41:19): CSV File Written Successfully
INFO (2016-11-17 05:42:19): CSV File Written Successfully
INFO (2016-11-17 05:43:19): CSV File Written Successfully
INFO (2016-11-17 05:46:19): CSV File Written Successfully
INFO (2016-11-17 05:48:19): CSV File Written Successfully
INFO (2016-11-17 05:49:19): CSV File Written Successfully
INFO (2016-11-17 05:56:19): CSV File Written Successfully
INFO (2016-11-17 05:59:19): CSV File Written Successfully
INFO (2016-11-17 06:00:19): CSV File Written Successfully
INFO (2016-11-17 06:01:19): CSV File Written Successfully
INFO (2016-11-17 06:02:19): CSV File Written Successfully
INFO (2016-11-17 06:03:19): CSV File Written Successfully
INFO (2016-11-17 06:04:19): CSV File Written Successfully
INFO (2016-11-17 06:05:19): CSV File Written Successfully
INFO (2016-11-17 06:07:19): CSV File Written Successfully
INFO (2016-11-17 06:13:19): CSV File Written Successfully
INFO (2016-11-17 06:15:19): CSV File Written Successfully
INFO (2016-11-17 06:21:19): CSV File Written Successfully
INFO (2016-11-17 06:33:19): CSV File Written Successfully
INFO (2016-11-17 06:41:20): CSV File Written Successfully
INFO (2016-11-17 06:43:20): CSV File Written Successfully
INFO (2016-11-17 06:47:20): CSV File Written Successfully
INFO (2016-11-17 06:50:20): CSV File Written Successfully
INFO (2016-11-17 06:53:20): CSV File Written Successfully
INFO (2016-11-17 06:55:20): CSV File Written Successfully
INFO (2016-11-17 06:59:20): CSV File Written Successfully
INFO (2016-11-17 07:00:20): CSV File Written Successfully
INFO (2016-11-17 07:01:20): CSV File Written Successfully
INFO (2016-11-17 07:03:20): CSV File Written Successfully
INFO (2016-11-17 07:05:20): CSV File Written Successfully
INFO (2016-11-17 07:06:20): CSV File Written Successfully
INFO (2016-11-17 07:07:20): CSV File Written Successfully
INFO (2016-11-17 07:08:20): CSV File Written Successfully
INFO (2016-11-17 07:11:20): CSV File Written Successfully
INFO (2016-11-17 07:12:20): CSV File Written Successfully
INFO (2016-11-17 07:15:20): CSV File Written Successfully
INFO (2016-11-17 07:19:20): CSV File Written Successfully
INFO (2016-11-17 07:21:20): CSV File Written Successfully
INFO (2016-11-17 07:22:20): CSV File Written Successfully
INFO (2016-11-17 07:23:20): CSV File Written Successfully
INFO (2016-11-17 07:24:20): CSV File Written Successfully
INFO (2016-11-17 07:25:20): CSV File Written Successfully
INFO (2016-11-17 07:26:20): CSV File Written Successfully
INFO (2016-11-17 07:27:20): CSV File Written Successfully
INFO (2016-11-17 07:28:20): CSV File Written Successfully
INFO (2016-11-17 07:30:20): CSV File Written Successfully
INFO (2016-11-17 07:32:20): CSV File Written Successfully
INFO (2016-11-17 07:34:20): CSV File Written Successfully
INFO (2016-11-17 07:35:20): CSV File Written Successfully
INFO (2016-11-17 07:36:20): CSV File Written Successfully
INFO (2016-11-17 07:38:20): CSV File Written Successfully
INFO (2016-11-17 07:39:20): CSV File Written Successfully
INFO (2016-11-17 07:40:20): CSV File Written Successfully
INFO (2016-11-17 07:41:20): CSV File Written Successfully
INFO (2016-11-17 07:42:20): CSV File Written Successfully
INFO (2016-11-17 07:44:20): CSV File Written Successfully
INFO (2016-11-17 07:47:20): CSV File Written Successfully
INFO (2016-11-17 07:48:20): CSV File Written Successfully
INFO (2016-11-17 07:50:20): CSV File Written Successfully
INFO (2016-11-17 07:52:20): CSV File Written Successfully
INFO (2016-11-17 07:53:20): CSV File Written Successfully
INFO (2016-11-17 07:55:20): CSV File Written Successfully
INFO (2016-11-17 07:58:20): CSV File Written Successfully
INFO (2016-11-17 08:03:20): CSV File Written Successfully
INFO (2016-11-17 08:06:20): CSV File Written Successfully
INFO (2016-11-17 08:11:20): CSV File Written Successfully
INFO (2016-11-17 08:13:20): CSV File Written Successfully
INFO (2016-11-17 08:15:20): CSV File Written Successfully
INFO (2016-11-17 08:16:20): CSV File Written Successfully
INFO (2016-11-17 08:17:20): CSV File Written Successfully
INFO (2016-11-17 08:20:21): CSV File Written Successfully
INFO (2016-11-17 08:21:21): CSV File Written Successfully
INFO (2016-11-17 08:22:21): CSV File Written Successfully
INFO (2016-11-17 08:23:21): CSV File Written Successfully
INFO (2016-11-17 08:24:21): CSV File Written Successfully
INFO (2016-11-17 08:25:21): CSV File Written Successfully
INFO (2016-11-17 08:27:21): CSV File Written Successfully
INFO (2016-11-17 08:30:21): CSV File Written Successfully
INFO (2016-11-17 08:36:21): CSV File Written Successfully
INFO (2016-11-17 08:37:21): CSV File Written Successfully
INFO (2016-11-17 08:52:21): CSV File Written Successfully
INFO (2016-11-17 08:53:21): CSV File Written Successfully
INFO (2016-11-17 09:09:21): CSV File Written Successfully
INFO (2016-11-17 09:16:21): CSV File Written Successfully
INFO (2016-11-17 09:20:21): CSV File Written Successfully
INFO (2016-11-17 09:21:21): CSV File Written Successfully
INFO (2016-11-17 09:23:21): CSV File Written Successfully
INFO (2016-11-17 09:27:21): CSV File Written Successfully
INFO (2016-11-17 09:29:21): CSV File Written Successfully
ERROR (2016-11-17 09:46:22): Error: ENOENT: no such file or directory, rename 'C:\Program Files\SoftworksTBSMiddleware\temp\trans_171120160946.con' -> 'C:\Trans\trans_171120160946.txt'
ERROR (2016-11-17 09:46:22): Caught exception: TypeError: msg.trim is not a function
INFO (2016-11-17 09:51:22): CSV File Written Successfully
INFO (2016-11-17 11:02:23): CSV File Written Successfully
INFO (2016-11-17 11:36:23): CSV File Written Successfully
INFO (2016-11-17 12:18:23): CSV File Written Successfully
INFO (2016-11-17 12:44:24): CSV File Written Successfully
INFO (2016-11-17 12:45:24): CSV File Written Successfully
INFO (2016-11-17 12:49:24): CSV File Written Successfully
INFO (2016-11-17 13:06:24): CSV File Written Successfully
INFO (2016-11-17 13:07:24): CSV File Written Successfully
INFO (2016-11-17 13:09:24): CSV File Written Successfully
INFO (2016-11-17 13:11:24): CSV File Written Successfully
INFO (2016-11-17 13:28:24): CSV File Written Successfully
INFO (2016-11-17 13:29:24): CSV File Written Successfully
INFO (2016-11-17 13:31:24): CSV File Written Successfully
INFO (2016-11-17 13:33:24): CSV File Written Successfully
INFO (2016-11-17 13:36:24): CSV File Written Successfully
INFO (2016-11-17 13:37:24): CSV File Written Successfully
INFO (2016-11-17 13:39:24): CSV File Written Successfully
INFO (2016-11-17 13:40:24): CSV File Written Successfully
INFO (2016-11-17 14:00:25): CSV File Written Successfully
INFO (2016-11-17 14:01:25): CSV File Written Successfully
INFO (2016-11-17 14:02:25): CSV File Written Successfully
INFO (2016-11-17 14:03:25): CSV File Written Successfully
INFO (2016-11-17 14:06:25): CSV File Written Successfully
INFO (2016-11-17 14:08:25): CSV File Written Successfully
INFO (2016-11-17 14:34:25): CSV File Written Successfully
INFO (2016-11-17 14:49:25): CSV File Written Successfully
INFO (2016-11-17 15:15:25): CSV File Written Successfully
INFO (2016-11-17 15:31:25): CSV File Written Successfully
INFO (2016-11-17 15:59:26): CSV File Written Successfully
INFO (2016-11-17 16:00:26): CSV File Written Successfully
INFO (2016-11-17 16:01:26): CSV File Written Successfully
INFO (2016-11-17 16:02:26): CSV File Written Successfully
INFO (2016-11-17 16:04:26): CSV File Written Successfully
INFO (2016-11-17 16:05:26): CSV File Written Successfully
INFO (2016-11-17 16:06:26): CSV File Written Successfully
INFO (2016-11-17 16:07:26): CSV File Written Successfully
INFO (2016-11-17 16:16:26): CSV File Written Successfully
INFO (2016-11-17 16:18:26): CSV File Written Successfully
INFO (2016-11-17 16:19:26): CSV File Written Successfully
INFO (2016-11-17 16:22:26): CSV File Written Successfully
INFO (2016-11-17 16:30:26): CSV File Written Successfully
INFO (2016-11-17 16:31:26): CSV File Written Successfully
INFO (2016-11-17 16:32:26): CSV File Written Successfully
INFO (2016-11-17 16:33:26): CSV File Written Successfully
INFO (2016-11-17 16:34:26): CSV File Written Successfully
INFO (2016-11-17 16:35:26): CSV File Written Successfully
INFO (2016-11-17 16:36:26): CSV File Written Successfully
INFO (2016-11-17 16:37:26): CSV File Written Successfully
INFO (2016-11-17 16:41:26): CSV File Written Successfully
INFO (2016-11-17 16:42:26): CSV File Written Successfully
INFO (2016-11-17 16:44:26): CSV File Written Successfully
INFO (2016-11-17 16:45:26): CSV File Written Successfully
INFO (2016-11-17 16:51:26): CSV File Written Successfully
INFO (2016-11-17 16:54:27): CSV File Written Successfully
INFO (2016-11-17 16:55:27): CSV File Written Successfully
INFO (2016-11-17 17:00:27): CSV File Written Successfully
INFO (2016-11-17 17:01:27): CSV File Written Successfully
INFO (2016-11-17 17:03:27): CSV File Written Successfully
INFO (2016-11-17 17:16:27): CSV File Written Successfully
INFO (2016-11-17 17:20:27): CSV File Written Successfully
INFO (2016-11-17 17:21:27): CSV File Written Successfully
INFO (2016-11-17 17:22:27): CSV File Written Successfully
INFO (2016-11-17 17:27:27): CSV File Written Successfully
INFO (2016-11-17 17:29:27): CSV File Written Successfully
INFO (2016-11-17 17:31:27): CSV File Written Successfully
INFO (2016-11-17 17:32:27): CSV File Written Successfully
INFO (2016-11-17 17:36:27): CSV File Written Successfully
INFO (2016-11-17 17:43:27): CSV File Written Successfully
INFO (2016-11-17 17:45:27): CSV File Written Successfully
INFO (2016-11-17 17:48:27): CSV File Written Successfully
INFO (2016-11-17 17:49:27): CSV File Written Successfully
INFO (2016-11-17 17:50:27): CSV File Written Successfully
INFO (2016-11-17 17:51:27): CSV File Written Successfully
INFO (2016-11-17 17:52:27): CSV File Written Successfully
INFO (2016-11-17 18:00:27): CSV File Written Successfully
INFO (2016-11-17 18:01:27): CSV File Written Successfully
INFO (2016-11-17 18:02:27): CSV File Written Successfully
INFO (2016-11-17 18:05:27): CSV File Written Successfully
INFO (2016-11-17 18:14:27): CSV File Written Successfully
INFO (2016-11-17 18:22:27): CSV File Written Successfully
INFO (2016-11-17 18:25:27): CSV File Written Successfully
INFO (2016-11-17 18:57:28): CSV File Written Successfully
INFO (2016-11-17 19:00:28): CSV File Written Successfully
INFO (2016-11-17 19:23:28): CSV File Written Successfully
INFO (2016-11-17 19:55:28): CSV File Written Successfully
INFO (2016-11-17 19:56:28): CSV File Written Successfully
INFO (2016-11-17 19:59:28): CSV File Written Successfully
INFO (2016-11-17 20:15:29): CSV File Written Successfully
INFO (2016-11-17 21:30:30): CSV File Written Successfully
INFO (2016-11-17 21:31:30): CSV File Written Successfully
INFO (2016-11-17 21:37:30): CSV File Written Successfully
INFO (2016-11-17 21:38:30): CSV File Written Successfully
INFO (2016-11-17 21:40:30): CSV File Written Successfully
INFO (2016-11-17 21:42:30): CSV File Written Successfully
INFO (2016-11-17 21:45:30): CSV File Written Successfully
INFO (2016-11-17 21:52:30): CSV File Written Successfully
INFO (2016-11-17 21:55:30): CSV File Written Successfully
INFO (2016-11-17 22:00:30): CSV File Written Successfully
INFO (2016-11-17 22:01:30): CSV File Written Successfully
INFO (2016-11-17 22:02:30): CSV File Written Successfully
INFO (2016-11-17 22:04:30): CSV File Written Successfully
INFO (2016-11-17 22:07:30): CSV File Written Successfully
INFO (2016-11-18 04:01:34): CSV File Written Successfully
INFO (2016-11-18 05:14:35): CSV File Written Successfully
INFO (2016-11-18 05:23:35): CSV File Written Successfully
INFO (2016-11-18 05:24:35): CSV File Written Successfully
INFO (2016-11-18 05:27:35): CSV File Written Successfully
INFO (2016-11-18 05:28:36): CSV File Written Successfully
INFO (2016-11-18 05:32:36): CSV File Written Successfully
INFO (2016-11-18 05:38:36): CSV File Written Successfully
INFO (2016-11-18 05:39:36): CSV File Written Successfully
INFO (2016-11-18 05:44:36): CSV File Written Successfully
INFO (2016-11-18 05:45:36): CSV File Written Successfully
INFO (2016-11-18 05:46:36): CSV File Written Successfully
INFO (2016-11-18 05:48:36): CSV File Written Successfully
INFO (2016-11-18 05:49:36): CSV File Written Successfully
INFO (2016-11-18 05:57:36): CSV File Written Successfully
INFO (2016-11-18 06:00:36): CSV File Written Successfully
INFO (2016-11-18 06:01:36): CSV File Written Successfully
INFO (2016-11-18 06:02:36): CSV File Written Successfully
INFO (2016-11-18 06:04:36): CSV File Written Successfully
INFO (2016-11-18 06:10:36): CSV File Written Successfully
INFO (2016-11-18 06:12:36): CSV File Written Successfully
INFO (2016-11-18 06:26:36): CSV File Written Successfully
INFO (2016-11-18 06:28:36): CSV File Written Successfully
INFO (2016-11-18 06:31:36): CSV File Written Successfully
INFO (2016-11-18 06:38:36): CSV File Written Successfully
INFO (2016-11-18 06:41:36): CSV File Written Successfully
INFO (2016-11-18 06:49:36): CSV File Written Successfully
INFO (2016-11-18 06:54:36): CSV File Written Successfully
INFO (2016-11-18 06:58:37): CSV File Written Successfully
INFO (2016-11-18 07:03:37): CSV File Written Successfully
INFO (2016-11-18 07:05:37): CSV File Written Successfully
INFO (2016-11-18 07:06:37): CSV File Written Successfully
INFO (2016-11-18 07:07:37): CSV File Written Successfully
INFO (2016-11-18 07:12:37): CSV File Written Successfully
INFO (2016-11-18 07:13:37): CSV File Written Successfully
INFO (2016-11-18 07:17:37): CSV File Written Successfully
INFO (2016-11-18 07:21:37): CSV File Written Successfully
INFO (2016-11-18 07:22:37): CSV File Written Successfully
INFO (2016-11-18 07:23:37): CSV File Written Successfully
INFO (2016-11-18 07:24:37): CSV File Written Successfully
INFO (2016-11-18 07:25:37): CSV File Written Successfully
INFO (2016-11-18 07:27:37): CSV File Written Successfully
INFO (2016-11-18 07:28:37): CSV File Written Successfully
INFO (2016-11-18 07:29:37): CSV File Written Successfully
INFO (2016-11-18 07:32:37): CSV File Written Successfully
INFO (2016-11-18 07:34:37): CSV File Written Successfully
INFO (2016-11-18 07:36:37): CSV File Written Successfully
INFO (2016-11-18 07:38:37): CSV File Written Successfully
INFO (2016-11-18 07:40:37): CSV File Written Successfully
INFO (2016-11-18 07:41:37): CSV File Written Successfully
INFO (2016-11-18 07:42:37): CSV File Written Successfully
INFO (2016-11-18 07:44:37): CSV File Written Successfully
INFO (2016-11-18 07:46:37): CSV File Written Successfully
INFO (2016-11-18 07:47:37): CSV File Written Successfully
INFO (2016-11-18 07:48:37): CSV File Written Successfully
INFO (2016-11-18 07:49:37): CSV File Written Successfully
INFO (2016-11-18 07:52:37): CSV File Written Successfully
INFO (2016-11-18 08:00:37): CSV File Written Successfully
INFO (2016-11-18 08:01:37): CSV File Written Successfully
INFO (2016-11-18 08:02:37): CSV File Written Successfully
INFO (2016-11-18 08:04:37): CSV File Written Successfully
INFO (2016-11-18 08:06:37): CSV File Written Successfully
INFO (2016-11-18 08:07:37): CSV File Written Successfully
INFO (2016-11-18 08:09:37): CSV File Written Successfully
INFO (2016-11-18 08:11:37): CSV File Written Successfully
INFO (2016-11-18 08:14:37): CSV File Written Successfully
INFO (2016-11-18 08:16:37): CSV File Written Successfully
INFO (2016-11-18 08:19:37): CSV File Written Successfully
INFO (2016-11-18 08:20:37): CSV File Written Successfully
INFO (2016-11-18 08:22:37): CSV File Written Successfully
INFO (2016-11-18 08:24:37): CSV File Written Successfully
INFO (2016-11-18 08:25:37): CSV File Written Successfully
INFO (2016-11-18 08:27:38): CSV File Written Successfully
INFO (2016-11-18 08:28:38): CSV File Written Successfully
INFO (2016-11-18 08:31:38): CSV File Written Successfully
INFO (2016-11-18 08:43:38): CSV File Written Successfully
INFO (2016-11-18 08:44:38): CSV File Written Successfully
INFO (2016-11-18 08:55:38): CSV File Written Successfully
INFO (2016-11-18 09:10:38): CSV File Written Successfully
INFO (2016-11-18 09:27:38): CSV File Written Successfully
INFO (2016-11-18 09:44:38): CSV File Written Successfully
INFO (2016-11-18 09:51:39): CSV File Written Successfully
INFO (2016-11-18 09:56:39): CSV File Written Successfully
INFO (2016-11-18 10:36:39): CSV File Written Successfully
INFO (2016-11-18 10:49:40): CSV File Written Successfully
INFO (2016-11-18 11:01:40): CSV File Written Successfully
INFO (2016-11-18 11:04:40): CSV File Written Successfully
INFO (2016-11-18 11:11:40): CSV File Written Successfully
INFO (2016-11-18 12:47:41): CSV File Written Successfully
INFO (2016-11-18 13:10:41): CSV File Written Successfully
INFO (2016-11-18 13:14:42): CSV File Written Successfully
INFO (2016-11-18 13:22:42): CSV File Written Successfully
INFO (2016-11-18 13:28:42): CSV File Written Successfully
INFO (2016-11-18 13:29:42): CSV File Written Successfully
INFO (2016-11-18 13:31:42): CSV File Written Successfully
INFO (2016-11-18 13:33:42): CSV File Written Successfully
INFO (2016-11-18 13:35:42): CSV File Written Successfully
INFO (2016-11-18 13:37:42): CSV File Written Successfully
INFO (2016-11-18 13:40:42): CSV File Written Successfully
INFO (2016-11-18 13:41:42): CSV File Written Successfully
INFO (2016-11-18 13:53:42): CSV File Written Successfully
INFO (2016-11-18 14:00:42): CSV File Written Successfully
INFO (2016-11-18 14:01:42): CSV File Written Successfully
INFO (2016-11-18 14:02:42): CSV File Written Successfully
INFO (2016-11-18 14:03:42): CSV File Written Successfully
INFO (2016-11-18 14:14:42): CSV File Written Successfully
INFO (2016-11-18 14:33:42): CSV File Written Successfully
INFO (2016-11-18 14:52:43): CSV File Written Successfully
INFO (2016-11-18 15:00:43): CSV File Written Successfully
INFO (2016-11-18 15:06:43): CSV File Written Successfully
INFO (2016-11-18 15:17:43): CSV File Written Successfully
INFO (2016-11-18 15:31:43): CSV File Written Successfully
INFO (2016-11-18 15:32:43): CSV File Written Successfully
INFO (2016-11-18 15:34:43): CSV File Written Successfully
INFO (2016-11-18 15:38:43): CSV File Written Successfully
INFO (2016-11-18 15:39:43): CSV File Written Successfully
INFO (2016-11-18 15:57:43): CSV File Written Successfully
INFO (2016-11-18 16:00:43): CSV File Written Successfully
INFO (2016-11-18 16:01:43): CSV File Written Successfully
INFO (2016-11-18 16:02:43): CSV File Written Successfully
INFO (2016-11-18 16:04:43): CSV File Written Successfully
INFO (2016-11-18 16:12:44): CSV File Written Successfully
INFO (2016-11-18 16:15:44): CSV File Written Successfully
INFO (2016-11-18 16:16:44): CSV File Written Successfully
INFO (2016-11-18 16:26:44): CSV File Written Successfully
INFO (2016-11-18 16:28:44): CSV File Written Successfully
INFO (2016-11-18 16:29:44): CSV File Written Successfully
INFO (2016-11-18 16:30:44): CSV File Written Successfully
INFO (2016-11-18 16:31:44): CSV File Written Successfully
INFO (2016-11-18 16:32:44): CSV File Written Successfully
INFO (2016-11-18 16:34:44): CSV File Written Successfully
INFO (2016-11-18 16:37:44): CSV File Written Successfully
INFO (2016-11-18 16:39:44): CSV File Written Successfully
INFO (2016-11-18 16:42:44): CSV File Written Successfully
INFO (2016-11-18 16:44:44): CSV File Written Successfully
INFO (2016-11-18 16:52:44): CSV File Written Successfully
INFO (2016-11-18 16:54:44): CSV File Written Successfully
INFO (2016-11-18 16:56:44): CSV File Written Successfully
INFO (2016-11-18 16:57:44): CSV File Written Successfully
INFO (2016-11-18 16:59:44): CSV File Written Successfully
INFO (2016-11-18 17:00:44): CSV File Written Successfully
INFO (2016-11-18 17:01:44): CSV File Written Successfully
INFO (2016-11-18 17:07:44): CSV File Written Successfully
INFO (2016-11-18 17:21:44): CSV File Written Successfully
INFO (2016-11-18 17:22:44): CSV File Written Successfully
INFO (2016-11-18 17:39:45): CSV File Written Successfully
INFO (2016-11-18 17:41:45): CSV File Written Successfully
INFO (2016-11-18 17:42:45): CSV File Written Successfully
INFO (2016-11-18 17:59:45): CSV File Written Successfully
INFO (2016-11-18 18:01:45): CSV File Written Successfully
INFO (2016-11-18 18:05:45): CSV File Written Successfully
INFO (2016-11-18 18:13:45): CSV File Written Successfully
INFO (2016-11-18 18:30:45): CSV File Written Successfully
INFO (2016-11-18 19:30:46): CSV File Written Successfully
INFO (2016-11-18 19:31:46): CSV File Written Successfully
INFO (2016-11-19 07:04:54): CSV File Written Successfully
INFO (2016-11-19 07:23:54): CSV File Written Successfully
INFO (2016-11-19 07:24:54): CSV File Written Successfully
INFO (2016-11-19 07:39:54): CSV File Written Successfully
INFO (2016-11-19 07:42:54): CSV File Written Successfully
INFO (2016-11-19 07:51:54): CSV File Written Successfully
INFO (2016-11-19 07:52:54): CSV File Written Successfully
INFO (2016-11-19 07:54:54): CSV File Written Successfully
INFO (2016-11-19 07:55:54): CSV File Written Successfully
INFO (2016-11-19 07:56:54): CSV File Written Successfully
INFO (2016-11-19 07:58:54): CSV File Written Successfully
INFO (2016-11-19 08:00:55): CSV File Written Successfully
INFO (2016-11-19 08:01:55): CSV File Written Successfully
INFO (2016-11-19 08:05:55): CSV File Written Successfully
INFO (2016-11-19 08:09:55): CSV File Written Successfully
INFO (2016-11-19 10:53:57): CSV File Written Successfully
INFO (2016-11-19 11:54:57): CSV File Written Successfully
INFO (2016-11-19 11:57:57): CSV File Written Successfully
INFO (2016-11-19 11:58:57): CSV File Written Successfully
INFO (2016-11-19 11:59:57): CSV File Written Successfully
INFO (2016-11-19 12:00:57): CSV File Written Successfully
INFO (2016-11-19 12:01:57): CSV File Written Successfully
INFO (2016-11-19 12:02:57): CSV File Written Successfully
INFO (2016-11-19 12:05:57): CSV File Written Successfully
INFO (2016-11-19 12:06:57): CSV File Written Successfully
INFO (2016-11-19 12:07:57): CSV File Written Successfully
INFO (2016-11-19 18:25:02): CSV File Written Successfully
INFO (2016-11-19 19:04:02): CSV File Written Successfully
INFO (2016-11-20 11:16:14): CSV File Written Successfully
INFO (2016-11-20 12:36:15): CSV File Written Successfully
INFO (2016-11-20 20:07:20): CSV File Written Successfully
INFO (2016-11-20 20:08:20): CSV File Written Successfully
INFO (2016-11-20 20:52:21): CSV File Written Successfully
INFO (2016-11-20 21:15:21): CSV File Written Successfully
INFO (2016-11-20 22:46:22): CSV File Written Successfully
INFO (2016-11-20 22:47:22): CSV File Written Successfully
INFO (2016-11-20 22:48:22): CSV File Written Successfully
INFO (2016-11-20 22:50:22): CSV File Written Successfully
INFO (2016-11-20 22:52:22): CSV File Written Successfully
INFO (2016-11-20 22:53:22): CSV File Written Successfully
INFO (2016-11-20 22:54:22): CSV File Written Successfully
INFO (2016-11-21 04:57:27): CSV File Written Successfully
INFO (2016-11-21 05:22:27): CSV File Written Successfully
INFO (2016-11-21 05:23:27): CSV File Written Successfully
INFO (2016-11-21 05:28:27): CSV File Written Successfully
INFO (2016-11-21 05:31:27): CSV File Written Successfully
INFO (2016-11-21 05:35:27): CSV File Written Successfully
INFO (2016-11-21 05:36:28): CSV File Written Successfully
INFO (2016-11-21 05:39:28): CSV File Written Successfully
INFO (2016-11-21 05:41:28): CSV File Written Successfully
INFO (2016-11-21 05:43:28): CSV File Written Successfully
INFO (2016-11-21 05:46:28): CSV File Written Successfully
INFO (2016-11-21 05:47:28): CSV File Written Successfully
INFO (2016-11-21 05:49:28): CSV File Written Successfully
INFO (2016-11-21 05:52:28): CSV File Written Successfully
INFO (2016-11-21 05:55:28): CSV File Written Successfully
INFO (2016-11-21 05:59:28): CSV File Written Successfully
INFO (2016-11-21 06:00:28): CSV File Written Successfully
INFO (2016-11-21 06:01:28): CSV File Written Successfully
INFO (2016-11-21 06:03:28): CSV File Written Successfully
INFO (2016-11-21 06:04:28): CSV File Written Successfully
INFO (2016-11-21 06:09:28): CSV File Written Successfully
INFO (2016-11-21 06:16:28): CSV File Written Successfully
INFO (2016-11-21 06:22:28): CSV File Written Successfully
INFO (2016-11-21 06:36:28): CSV File Written Successfully
INFO (2016-11-21 06:37:28): CSV File Written Successfully
INFO (2016-11-21 06:40:28): CSV File Written Successfully
INFO (2016-11-21 06:42:28): CSV File Written Successfully
INFO (2016-11-21 06:49:28): CSV File Written Successfully
INFO (2016-11-21 06:50:28): CSV File Written Successfully
INFO (2016-11-21 06:52:28): CSV File Written Successfully
INFO (2016-11-21 06:54:28): CSV File Written Successfully
INFO (2016-11-21 06:56:28): CSV File Written Successfully
INFO (2016-11-21 07:01:28): CSV File Written Successfully
INFO (2016-11-21 07:05:29): CSV File Written Successfully
INFO (2016-11-21 07:06:29): CSV File Written Successfully
INFO (2016-11-21 07:08:29): CSV File Written Successfully
INFO (2016-11-21 07:09:29): CSV File Written Successfully
INFO (2016-11-21 07:11:29): CSV File Written Successfully
INFO (2016-11-21 07:14:29): CSV File Written Successfully
INFO (2016-11-21 07:16:29): CSV File Written Successfully
INFO (2016-11-21 07:18:29): CSV File Written Successfully
INFO (2016-11-21 07:24:29): CSV File Written Successfully
INFO (2016-11-21 07:28:29): CSV File Written Successfully
INFO (2016-11-21 07:30:29): CSV File Written Successfully
INFO (2016-11-21 07:33:29): CSV File Written Successfully
INFO (2016-11-21 07:34:29): CSV File Written Successfully
INFO (2016-11-21 07:35:29): CSV File Written Successfully
INFO (2016-11-21 07:36:29): CSV File Written Successfully
INFO (2016-11-21 07:39:29): CSV File Written Successfully
INFO (2016-11-21 07:41:29): CSV File Written Successfully
INFO (2016-11-21 07:42:29): CSV File Written Successfully
INFO (2016-11-21 07:44:29): CSV File Written Successfully
INFO (2016-11-21 07:45:29): CSV File Written Successfully
INFO (2016-11-21 07:48:29): CSV File Written Successfully
INFO (2016-11-21 07:49:29): CSV File Written Successfully
INFO (2016-11-21 07:50:29): CSV File Written Successfully
INFO (2016-11-21 07:55:29): CSV File Written Successfully
INFO (2016-11-21 07:58:29): CSV File Written Successfully
INFO (2016-11-21 07:59:29): CSV File Written Successfully
INFO (2016-11-21 08:00:29): CSV File Written Successfully
INFO (2016-11-21 08:01:29): CSV File Written Successfully
INFO (2016-11-21 08:02:29): CSV File Written Successfully
INFO (2016-11-21 08:04:29): CSV File Written Successfully
INFO (2016-11-21 08:08:29): CSV File Written Successfully
INFO (2016-11-21 08:11:29): CSV File Written Successfully
INFO (2016-11-21 08:14:29): CSV File Written Successfully
INFO (2016-11-21 08:15:29): CSV File Written Successfully
INFO (2016-11-21 08:19:29): CSV File Written Successfully
INFO (2016-11-21 08:21:29): CSV File Written Successfully
INFO (2016-11-21 08:22:29): CSV File Written Successfully
INFO (2016-11-21 08:23:29): CSV File Written Successfully
INFO (2016-11-21 08:24:29): CSV File Written Successfully
INFO (2016-11-21 08:25:29): CSV File Written Successfully
INFO (2016-11-21 08:26:29): CSV File Written Successfully
INFO (2016-11-21 08:27:30): CSV File Written Successfully
INFO (2016-11-21 08:28:30): CSV File Written Successfully
INFO (2016-11-21 08:29:30): CSV File Written Successfully
INFO (2016-11-21 08:32:30): CSV File Written Successfully
INFO (2016-11-21 08:42:30): CSV File Written Successfully
INFO (2016-11-21 08:49:30): CSV File Written Successfully
INFO (2016-11-21 09:00:30): CSV File Written Successfully
INFO (2016-11-21 09:04:30): CSV File Written Successfully
INFO (2016-11-21 09:20:30): CSV File Written Successfully
INFO (2016-11-21 09:29:30): CSV File Written Successfully
INFO (2016-11-21 09:31:30): CSV File Written Successfully
INFO (2016-11-21 09:53:31): CSV File Written Successfully
INFO (2016-11-21 10:10:32): Web UI Has started on: http://localhost:3040
INFO (2016-11-21 10:10:32): Product is licensed to: Formaplex Ltd., From: November 1st 2016, 10:34:51 am to November 1st 2017, 10:34:51 am
INFO (2016-11-21 10:17:11): Web UI Has started on: http://localhost:3040
INFO (2016-11-21 10:17:11): Product is licensed to: Formaplex Ltd., From: November 1st 2016, 10:34:51 am to November 1st 2017, 10:34:51 am
INFO (2016-11-21 10:18:34): Web UI Has started on: http://localhost:3040
INFO (2016-11-21 10:18:34): Product is licensed to: Formaplex Ltd., From: November 1st 2016, 10:34:51 am to November 1st 2017, 10:34:51 am
INFO (2016-11-21 10:49:34): CSV File Written Successfully
INFO (2016-11-21 10:50:34): CSV File Written Successfully
INFO (2016-11-21 11:05:35): CSV File Written Successfully
INFO (2016-11-21 11:15:35): CSV File Written Successfully
INFO (2016-11-21 11:18:35): CSV File Written Successfully
INFO (2016-11-21 12:00:35): CSV File Written Successfully
INFO (2016-11-21 12:21:35): CSV File Written Successfully
INFO (2016-11-21 12:28:36): CSV File Written Successfully
INFO (2016-11-21 12:40:36): CSV File Written Successfully
INFO (2016-11-21 12:45:36): CSV File Written Successfully
INFO (2016-11-21 12:46:36): CSV File Written Successfully
INFO (2016-11-21 13:06:36): CSV File Written Successfully
INFO (2016-11-21 13:12:36): CSV File Written Successfully
INFO (2016-11-21 13:27:36): CSV File Written Successfully
INFO (2016-11-21 13:28:36): CSV File Written Successfully
INFO (2016-11-21 13:29:36): CSV File Written Successfully
INFO (2016-11-21 13:30:36): CSV File Written Successfully
INFO (2016-11-21 13:31:36): CSV File Written Successfully
INFO (2016-11-21 13:33:36): CSV File Written Successfully
INFO (2016-11-21 13:38:36): CSV File Written Successfully
INFO (2016-11-21 13:40:36): CSV File Written Successfully
INFO (2016-11-21 13:41:36): CSV File Written Successfully
INFO (2016-11-21 13:44:36): CSV File Written Successfully
INFO (2016-11-21 13:48:36): CSV File Written Successfully
INFO (2016-11-21 14:00:37): CSV File Written Successfully
INFO (2016-11-21 14:01:37): CSV File Written Successfully
INFO (2016-11-21 14:02:37): CSV File Written Successfully
INFO (2016-11-21 14:03:37): CSV File Written Successfully
INFO (2016-11-21 14:06:37): CSV File Written Successfully
INFO (2016-11-21 14:07:37): CSV File Written Successfully
INFO (2016-11-21 14:08:37): CSV File Written Successfully
INFO (2016-11-21 14:09:37): CSV File Written Successfully
INFO (2016-11-21 14:20:37): CSV File Written Successfully
INFO (2016-11-21 14:52:37): CSV File Written Successfully
INFO (2016-11-21 15:27:38): CSV File Written Successfully
INFO (2016-11-21 15:31:38): CSV File Written Successfully
INFO (2016-11-21 15:41:38): CSV File Written Successfully
INFO (2016-11-21 15:47:38): CSV File Written Successfully
INFO (2016-11-21 15:48:38): CSV File Written Successfully
INFO (2016-11-21 15:54:38): CSV File Written Successfully
INFO (2016-11-21 16:00:38): CSV File Written Successfully
INFO (2016-11-21 16:01:38): CSV File Written Successfully
INFO (2016-11-21 16:02:38): CSV File Written Successfully
INFO (2016-11-21 16:03:38): CSV File Written Successfully
INFO (2016-11-21 16:07:38): CSV File Written Successfully
INFO (2016-11-21 16:10:38): CSV File Written Successfully
INFO (2016-11-21 16:11:38): CSV File Written Successfully
INFO (2016-11-21 16:14:38): CSV File Written Successfully
INFO (2016-11-21 16:15:38): CSV File Written Successfully
INFO (2016-11-21 16:17:38): CSV File Written Successfully
INFO (2016-11-21 16:23:38): CSV File Written Successfully
INFO (2016-11-21 16:25:38): CSV File Written Successfully
INFO (2016-11-21 16:29:38): CSV File Written Successfully
INFO (2016-11-21 16:30:39): CSV File Written Successfully
INFO (2016-11-21 16:31:38): CSV File Written Successfully
INFO (2016-11-21 16:32:38): CSV File Written Successfully
INFO (2016-11-21 16:33:39): CSV File Written Successfully
INFO (2016-11-21 16:34:39): CSV File Written Successfully
INFO (2016-11-21 16:35:39): CSV File Written Successfully
INFO (2016-11-21 16:36:39): CSV File Written Successfully
INFO (2016-11-21 16:38:39): CSV File Written Successfully
INFO (2016-11-21 16:39:39): CSV File Written Successfully
INFO (2016-11-21 16:41:39): CSV File Written Successfully
INFO (2016-11-21 16:42:39): CSV File Written Successfully
INFO (2016-11-21 16:49:39): CSV File Written Successfully
INFO (2016-11-21 16:54:39): CSV File Written Successfully
INFO (2016-11-21 17:02:39): CSV File Written Successfully
INFO (2016-11-21 17:09:39): CSV File Written Successfully
INFO (2016-11-21 17:23:39): CSV File Written Successfully
INFO (2016-11-21 17:24:39): CSV File Written Successfully
INFO (2016-11-21 17:30:39): CSV File Written Successfully
INFO (2016-11-21 17:35:39): CSV File Written Successfully
INFO (2016-11-21 17:38:39): CSV File Written Successfully
INFO (2016-11-21 17:39:39): CSV File Written Successfully
INFO (2016-11-21 17:40:39): CSV File Written Successfully
INFO (2016-11-21 17:43:39): CSV File Written Successfully
INFO (2016-11-21 17:44:39): CSV File Written Successfully
INFO (2016-11-21 17:45:39): CSV File Written Successfully
INFO (2016-11-21 17:50:39): CSV File Written Successfully
INFO (2016-11-21 17:55:39): CSV File Written Successfully
INFO (2016-11-21 17:56:39): CSV File Written Successfully
INFO (2016-11-21 17:57:39): CSV File Written Successfully
INFO (2016-11-21 17:58:39): CSV File Written Successfully
INFO (2016-11-21 17:59:39): CSV File Written Successfully
INFO (2016-11-21 18:02:39): CSV File Written Successfully
INFO (2016-11-21 18:03:39): CSV File Written Successfully
INFO (2016-11-21 18:04:39): CSV File Written Successfully
INFO (2016-11-21 18:10:40): CSV File Written Successfully
INFO (2016-11-21 18:11:40): CSV File Written Successfully
INFO (2016-11-21 18:17:40): CSV File Written Successfully
INFO (2016-11-21 18:20:40): CSV File Written Successfully
INFO (2016-11-21 18:27:40): CSV File Written Successfully
INFO (2016-11-21 18:35:40): CSV File Written Successfully
INFO (2016-11-21 19:32:40): CSV File Written Successfully
INFO (2016-11-21 19:52:41): CSV File Written Successfully
INFO (2016-11-21 19:53:41): CSV File Written Successfully
INFO (2016-11-21 21:02:41): CSV File Written Successfully
INFO (2016-11-21 21:28:42): CSV File Written Successfully
INFO (2016-11-21 21:30:42): CSV File Written Successfully
INFO (2016-11-21 21:31:42): CSV File Written Successfully
INFO (2016-11-21 21:32:42): CSV File Written Successfully
INFO (2016-11-21 21:34:42): CSV File Written Successfully
INFO (2016-11-21 21:38:42): CSV File Written Successfully
INFO (2016-11-21 21:40:42): CSV File Written Successfully
INFO (2016-11-21 21:41:42): CSV File Written Successfully
INFO (2016-11-21 21:42:42): CSV File Written Successfully
INFO (2016-11-21 21:43:42): CSV File Written Successfully
INFO (2016-11-21 21:44:42): CSV File Written Successfully
INFO (2016-11-21 21:45:42): CSV File Written Successfully
INFO (2016-11-21 22:00:42): CSV File Written Successfully
INFO (2016-11-21 22:01:42): CSV File Written Successfully
INFO (2016-11-21 22:02:42): CSV File Written Successfully
INFO (2016-11-22 04:03:46): CSV File Written Successfully
INFO (2016-11-22 04:15:46): CSV File Written Successfully
INFO (2016-11-22 05:17:47): CSV File Written Successfully
INFO (2016-11-22 05:20:47): CSV File Written Successfully
INFO (2016-11-22 05:29:47): CSV File Written Successfully
INFO (2016-11-22 05:30:47): CSV File Written Successfully
INFO (2016-11-22 05:31:47): CSV File Written Successfully
INFO (2016-11-22 05:33:47): CSV File Written Successfully
INFO (2016-11-22 05:34:47): CSV File Written Successfully
INFO (2016-11-22 05:35:47): CSV File Written Successfully
INFO (2016-11-22 05:36:47): CSV File Written Successfully
INFO (2016-11-22 05:37:47): CSV File Written Successfully
INFO (2016-11-22 05:38:47): CSV File Written Successfully
INFO (2016-11-22 05:40:47): CSV File Written Successfully
INFO (2016-11-22 05:41:47): CSV File Written Successfully
INFO (2016-11-22 05:43:47): CSV File Written Successfully
INFO (2016-11-22 05:46:47): CSV File Written Successfully
INFO (2016-11-22 05:47:47): CSV File Written Successfully
INFO (2016-11-22 05:52:47): CSV File Written Successfully
INFO (2016-11-22 05:56:47): CSV File Written Successfully
INFO (2016-11-22 05:59:47): CSV File Written Successfully
INFO (2016-11-22 06:00:47): CSV File Written Successfully
INFO (2016-11-22 06:01:47): CSV File Written Successfully
INFO (2016-11-22 06:04:47): CSV File Written Successfully
INFO (2016-11-22 06:23:48): CSV File Written Successfully
INFO (2016-11-22 06:25:48): CSV File Written Successfully
INFO (2016-11-22 06:30:48): CSV File Written Successfully
INFO (2016-11-22 06:31:48): CSV File Written Successfully
INFO (2016-11-22 06:41:48): CSV File Written Successfully
INFO (2016-11-22 06:42:48): CSV File Written Successfully
INFO (2016-11-22 06:43:48): CSV File Written Successfully
INFO (2016-11-22 06:44:48): CSV File Written Successfully
INFO (2016-11-22 06:51:48): CSV File Written Successfully
INFO (2016-11-22 06:52:48): CSV File Written Successfully
INFO (2016-11-22 06:53:48): CSV File Written Successfully
INFO (2016-11-22 06:57:48): CSV File Written Successfully
INFO (2016-11-22 06:59:48): CSV File Written Successfully
INFO (2016-11-22 07:01:48): CSV File Written Successfully
INFO (2016-11-22 07:06:48): CSV File Written Successfully
INFO (2016-11-22 07:07:48): CSV File Written Successfully
INFO (2016-11-22 07:08:48): CSV File Written Successfully
INFO (2016-11-22 07:09:48): CSV File Written Successfully
INFO (2016-11-22 07:12:48): CSV File Written Successfully
INFO (2016-11-22 07:20:48): CSV File Written Successfully
INFO (2016-11-22 07:21:48): CSV File Written Successfully
INFO (2016-11-22 07:22:48): CSV File Written Successfully
INFO (2016-11-22 07:24:48): CSV File Written Successfully
INFO (2016-11-22 07:25:48): CSV File Written Successfully
INFO (2016-11-22 07:26:48): CSV File Written Successfully
INFO (2016-11-22 07:27:48): CSV File Written Successfully
INFO (2016-11-22 07:28:48): CSV File Written Successfully
INFO (2016-11-22 07:29:48): CSV File Written Successfully
INFO (2016-11-22 07:30:48): CSV File Written Successfully
INFO (2016-11-22 07:31:48): CSV File Written Successfully
INFO (2016-11-22 07:33:48): CSV File Written Successfully
INFO (2016-11-22 07:34:48): CSV File Written Successfully
INFO (2016-11-22 07:35:48): CSV File Written Successfully
INFO (2016-11-22 07:36:48): CSV File Written Successfully
INFO (2016-11-22 07:39:48): CSV File Written Successfully
INFO (2016-11-22 07:43:48): CSV File Written Successfully
ERROR (2016-11-22 07:46:48): Error: ENOENT: no such file or directory, rename 'C:\Program Files\SoftworksTBSMiddleware\temp\trans_221120160746.con' -> 'C:\Trans\trans_221120160746.txt'
ERROR (2016-11-22 07:46:48): Caught exception: TypeError: msg.trim is not a function
INFO (2016-11-22 07:51:48): CSV File Written Successfully
INFO (2016-11-22 07:53:48): CSV File Written Successfully
INFO (2016-11-22 07:54:49): CSV File Written Successfully
INFO (2016-11-22 07:57:49): CSV File Written Successfully
INFO (2016-11-22 07:58:49): CSV File Written Successfully
INFO (2016-11-22 07:59:49): CSV File Written Successfully
INFO (2016-11-22 08:04:49): CSV File Written Successfully
INFO (2016-11-22 08:05:49): CSV File Written Successfully
INFO (2016-11-22 08:06:49): CSV File Written Successfully
INFO (2016-11-22 08:10:49): CSV File Written Successfully
INFO (2016-11-22 08:11:49): CSV File Written Successfully
INFO (2016-11-22 08:13:49): CSV File Written Successfully
INFO (2016-11-22 08:16:49): CSV File Written Successfully
INFO (2016-11-22 08:17:49): CSV File Written Successfully
INFO (2016-11-22 08:18:49): CSV File Written Successfully
INFO (2016-11-22 08:19:49): CSV File Written Successfully
INFO (2016-11-22 08:21:49): CSV File Written Successfully
INFO (2016-11-22 08:22:49): CSV File Written Successfully
INFO (2016-11-22 08:23:49): CSV File Written Successfully
INFO (2016-11-22 08:25:49): CSV File Written Successfully
INFO (2016-11-22 08:26:49): CSV File Written Successfully
INFO (2016-11-22 08:28:49): CSV File Written Successfully
INFO (2016-11-22 08:29:49): CSV File Written Successfully
INFO (2016-11-22 08:40:49): CSV File Written Successfully
INFO (2016-11-22 08:41:49): CSV File Written Successfully
INFO (2016-11-22 08:43:49): CSV File Written Successfully
INFO (2016-11-22 08:49:49): CSV File Written Successfully
INFO (2016-11-22 08:51:49): CSV File Written Successfully
INFO (2016-11-22 09:03:49): CSV File Written Successfully
INFO (2016-11-22 09:04:49): CSV File Written Successfully
INFO (2016-11-22 09:33:57): Web UI Has started on: http://localhost:3040
INFO (2016-11-22 09:33:58): Product is licensed to: Formaplex Ltd., From: November 1st 2016, 10:34:51 am to November 1st 2017, 10:34:51 am
INFO (2016-11-22 09:50:57): CSV File Written Successfully
INFO (2016-11-22 11:00:58): CSV File Written Successfully
INFO (2016-11-22 12:03:59): CSV File Written Successfully
INFO (2016-11-22 12:30:59): CSV File Written Successfully
INFO (2016-11-22 12:37:59): CSV File Written Successfully
INFO (2016-11-22 13:02:00): CSV File Written Successfully
INFO (2016-11-22 13:08:00): CSV File Written Successfully
INFO (2016-11-22 13:12:00): CSV File Written Successfully
INFO (2016-11-22 13:21:00): CSV File Written Successfully
INFO (2016-11-22 13:22:00): CSV File Written Successfully
INFO (2016-11-22 13:25:00): CSV File Written Successfully
INFO (2016-11-22 13:26:00): CSV File Written Successfully
INFO (2016-11-22 13:31:00): CSV File Written Successfully
INFO (2016-11-22 13:38:00): CSV File Written Successfully
INFO (2016-11-22 13:40:00): CSV File Written Successfully
INFO (2016-11-22 13:41:00): CSV File Written Successfully
INFO (2016-11-22 13:42:00): CSV File Written Successfully
INFO (2016-11-22 13:44:00): CSV File Written Successfully
INFO (2016-11-22 13:50:00): CSV File Written Successfully
INFO (2016-11-22 13:51:00): CSV File Written Successfully
INFO (2016-11-22 14:01:00): CSV File Written Successfully
INFO (2016-11-22 14:02:00): CSV File Written Successfully
INFO (2016-11-22 14:03:00): CSV File Written Successfully
INFO (2016-11-22 14:07:00): CSV File Written Successfully
INFO (2016-11-22 14:08:00): CSV File Written Successfully
INFO (2016-11-22 14:11:00): CSV File Written Successfully
INFO (2016-11-22 14:18:00): CSV File Written Successfully
INFO (2016-11-22 14:56:01): CSV File Written Successfully
INFO (2016-11-22 15:01:01): CSV File Written Successfully
WARNING (2016-11-22 15:18:24): Incorrect login attempt, username: 
INFO (2016-11-22 15:24:01): CSV File Written Successfully
INFO (2016-11-22 15:31:01): CSV File Written Successfully
INFO (2016-11-22 15:38:01): CSV File Written Successfully
INFO (2016-11-22 15:41:01): CSV File Written Successfully
INFO (2016-11-22 15:43:01): CSV File Written Successfully
INFO (2016-11-22 15:44:01): CSV File Written Successfully
INFO (2016-11-22 16:01:02): CSV File Written Successfully
INFO (2016-11-22 16:03:02): CSV File Written Successfully
INFO (2016-11-22 16:05:02): CSV File Written Successfully
INFO (2016-11-22 16:06:02): CSV File Written Successfully
INFO (2016-11-22 16:08:02): CSV File Written Successfully
INFO (2016-11-22 16:10:02): CSV File Written Successfully
INFO (2016-11-22 16:11:02): CSV File Written Successfully
INFO (2016-11-22 16:14:02): CSV File Written Successfully
INFO (2016-11-22 16:19:02): CSV File Written Successfully
INFO (2016-11-22 16:20:02): CSV File Written Successfully
INFO (2016-11-22 16:30:02): CSV File Written Successfully
INFO (2016-11-22 16:31:02): CSV File Written Successfully
INFO (2016-11-22 16:32:02): CSV File Written Successfully
INFO (2016-11-22 16:33:02): CSV File Written Successfully
INFO (2016-11-22 16:34:02): CSV File Written Successfully
INFO (2016-11-22 16:35:02): CSV File Written Successfully
INFO (2016-11-22 16:36:02): CSV File Written Successfully
INFO (2016-11-22 16:37:02): CSV File Written Successfully
INFO (2016-11-22 16:40:02): CSV File Written Successfully
INFO (2016-11-22 16:41:02): CSV File Written Successfully
INFO (2016-11-22 16:42:02): CSV File Written Successfully
INFO (2016-11-22 16:45:02): CSV File Written Successfully
INFO (2016-11-22 16:46:02): CSV File Written Successfully
INFO (2016-11-22 16:50:02): CSV File Written Successfully
ERROR (2016-11-22 16:53:02): Error: ENOENT: no such file or directory, rename 'C:\Program Files\SoftworksTBSMiddleware\temp\trans_221120161653.con' -> 'C:\Trans\trans_221120161653.txt'
ERROR (2016-11-22 16:53:02): Caught exception: TypeError: msg.trim is not a function
INFO (2016-11-22 16:54:02): CSV File Written Successfully
INFO (2016-11-22 16:55:02): CSV File Written Successfully
INFO (2016-11-22 16:59:02): CSV File Written Successfully
INFO (2016-11-22 17:00:02): CSV File Written Successfully
INFO (2016-11-22 17:01:02): CSV File Written Successfully
INFO (2016-11-22 17:02:02): CSV File Written Successfully
INFO (2016-11-22 17:03:02): CSV File Written Successfully
INFO (2016-11-22 17:04:02): CSV File Written Successfully
INFO (2016-11-22 17:05:02): CSV File Written Successfully
INFO (2016-11-22 17:15:02): CSV File Written Successfully
INFO (2016-11-22 17:16:02): CSV File Written Successfully
INFO (2016-11-22 17:26:03): CSV File Written Successfully
INFO (2016-11-22 17:27:03): CSV File Written Successfully
INFO (2016-11-22 17:32:03): CSV File Written Successfully
INFO (2016-11-22 17:33:03): CSV File Written Successfully
INFO (2016-11-22 17:34:03): CSV File Written Successfully
INFO (2016-11-22 17:40:03): CSV File Written Successfully
INFO (2016-11-22 17:43:03): CSV File Written Successfully
INFO (2016-11-22 17:45:03): CSV File Written Successfully
INFO (2016-11-22 17:50:03): CSV File Written Successfully
INFO (2016-11-22 17:58:03): CSV File Written Successfully
INFO (2016-11-22 18:01:03): CSV File Written Successfully
INFO (2016-11-22 18:03:03): CSV File Written Successfully
INFO (2016-11-22 18:04:03): CSV File Written Successfully
INFO (2016-11-22 18:07:03): CSV File Written Successfully
INFO (2016-11-22 18:10:03): CSV File Written Successfully
INFO (2016-11-22 18:12:03): CSV File Written Successfully
INFO (2016-11-22 18:13:03): CSV File Written Successfully
INFO (2016-11-22 18:19:03): CSV File Written Successfully
INFO (2016-11-22 18:20:03): CSV File Written Successfully
INFO (2016-11-22 18:24:03): CSV File Written Successfully
INFO (2016-11-22 18:32:03): CSV File Written Successfully
ERROR (2016-11-22 18:34:03): Error: ENOENT: no such file or directory, rename 'C:\Program Files\SoftworksTBSMiddleware\temp\trans_221120161834.con' -> 'C:\Trans\trans_221120161834.txt'
ERROR (2016-11-22 18:34:03): Caught exception: TypeError: msg.trim is not a function
INFO (2016-11-22 18:35:03): CSV File Written Successfully
INFO (2016-11-22 18:42:03): CSV File Written Successfully
INFO (2016-11-22 19:00:04): CSV File Written Successfully
INFO (2016-11-22 19:01:04): CSV File Written Successfully
INFO (2016-11-22 19:02:04): CSV File Written Successfully
INFO (2016-11-22 19:07:04): CSV File Written Successfully
INFO (2016-11-22 19:09:04): CSV File Written Successfully
INFO (2016-11-22 19:17:04): CSV File Written Successfully
INFO (2016-11-22 19:52:04): CSV File Written Successfully
INFO (2016-11-22 19:53:04): CSV File Written Successfully
INFO (2016-11-22 21:06:05): CSV File Written Successfully
INFO (2016-11-22 21:30:05): CSV File Written Successfully
INFO (2016-11-22 21:31:05): CSV File Written Successfully
INFO (2016-11-22 21:36:05): CSV File Written Successfully
INFO (2016-11-22 21:37:05): CSV File Written Successfully
INFO (2016-11-22 21:38:05): CSV File Written Successfully
INFO (2016-11-22 21:40:05): CSV File Written Successfully
INFO (2016-11-22 21:41:05): CSV File Written Successfully
INFO (2016-11-22 21:42:05): CSV File Written Successfully
INFO (2016-11-22 21:44:05): CSV File Written Successfully
INFO (2016-11-22 22:00:05): CSV File Written Successfully
INFO (2016-11-22 22:01:05): CSV File Written Successfully
INFO (2016-11-22 22:03:05): CSV File Written Successfully
INFO (2016-11-22 22:04:05): CSV File Written Successfully
INFO (2016-11-22 22:05:05): CSV File Written Successfully
INFO (2016-11-23 00:52:07): CSV File Written Successfully
INFO (2016-11-23 01:08:07): CSV File Written Successfully
INFO (2016-11-23 04:02:09): CSV File Written Successfully
INFO (2016-11-23 05:15:10): CSV File Written Successfully
INFO (2016-11-23 05:24:10): CSV File Written Successfully
INFO (2016-11-23 05:30:10): CSV File Written Successfully
INFO (2016-11-23 05:32:10): CSV File Written Successfully
INFO (2016-11-23 05:36:10): CSV File Written Successfully
INFO (2016-11-23 05:37:10): CSV File Written Successfully
INFO (2016-11-23 05:38:10): CSV File Written Successfully
INFO (2016-11-23 05:39:10): CSV File Written Successfully
INFO (2016-11-23 05:40:10): CSV File Written Successfully
INFO (2016-11-23 05:41:10): CSV File Written Successfully
INFO (2016-11-23 05:42:10): CSV File Written Successfully
INFO (2016-11-23 05:43:10): CSV File Written Successfully
INFO (2016-11-23 05:45:10): CSV File Written Successfully
INFO (2016-11-23 05:46:10): CSV File Written Successfully
INFO (2016-11-23 05:50:10): CSV File Written Successfully
INFO (2016-11-23 05:52:10): CSV File Written Successfully
INFO (2016-11-23 05:58:10): CSV File Written Successfully
INFO (2016-11-23 05:59:11): CSV File Written Successfully
INFO (2016-11-23 06:00:11): CSV File Written Successfully
INFO (2016-11-23 06:01:11): CSV File Written Successfully
INFO (2016-11-23 06:02:11): CSV File Written Successfully
INFO (2016-11-23 06:03:11): CSV File Written Successfully
INFO (2016-11-23 06:11:11): CSV File Written Successfully
INFO (2016-11-23 06:25:11): CSV File Written Successfully
INFO (2016-11-23 06:28:11): CSV File Written Successfully
INFO (2016-11-23 06:29:11): CSV File Written Successfully
INFO (2016-11-23 06:31:11): CSV File Written Successfully
INFO (2016-11-23 06:33:11): CSV File Written Successfully
ERROR (2016-11-23 06:34:11): Error: ENOENT: no such file or directory, rename 'C:\Program Files\SoftworksTBSMiddleware\temp\trans_231120160634.con' -> 'C:\Trans\trans_231120160634.txt'
ERROR (2016-11-23 06:34:11): Caught exception: TypeError: msg.trim is not a function
INFO (2016-11-23 06:38:11): CSV File Written Successfully
INFO (2016-11-23 06:40:11): CSV File Written Successfully
INFO (2016-11-23 06:46:11): CSV File Written Successfully
INFO (2016-11-23 06:51:11): CSV File Written Successfully
INFO (2016-11-23 06:52:11): CSV File Written Successfully
INFO (2016-11-23 06:54:11): CSV File Written Successfully
INFO (2016-11-23 06:57:11): CSV File Written Successfully
INFO (2016-11-23 06:58:11): CSV File Written Successfully
INFO (2016-11-23 06:59:11): CSV File Written Successfully
INFO (2016-11-23 07:00:11): CSV File Written Successfully
INFO (2016-11-23 07:01:11): CSV File Written Successfully
INFO (2016-11-23 07:05:11): CSV File Written Successfully
INFO (2016-11-23 07:07:11): CSV File Written Successfully
INFO (2016-11-23 07:08:11): CSV File Written Successfully
INFO (2016-11-23 07:11:11): CSV File Written Successfully
INFO (2016-11-23 07:17:11): CSV File Written Successfully
INFO (2016-11-23 07:19:11): CSV File Written Successfully
INFO (2016-11-23 07:21:11): CSV File Written Successfully
INFO (2016-11-23 07:23:11): CSV File Written Successfully
INFO (2016-11-23 07:24:11): CSV File Written Successfully
INFO (2016-11-23 07:25:11): CSV File Written Successfully
INFO (2016-11-23 07:27:12): CSV File Written Successfully
INFO (2016-11-23 07:30:12): CSV File Written Successfully
INFO (2016-11-23 07:31:12): CSV File Written Successfully
INFO (2016-11-23 07:33:12): CSV File Written Successfully
INFO (2016-11-23 07:34:12): CSV File Written Successfully
INFO (2016-11-23 07:35:12): CSV File Written Successfully
INFO (2016-11-23 07:39:12): CSV File Written Successfully
INFO (2016-11-23 07:40:12): CSV File Written Successfully
INFO (2016-11-23 07:41:12): CSV File Written Successfully
INFO (2016-11-23 07:46:12): CSV File Written Successfully
INFO (2016-11-23 07:50:12): CSV File Written Successfully
INFO (2016-11-23 07:52:12): CSV File Written Successfully
INFO (2016-11-23 07:53:12): CSV File Written Successfully
INFO (2016-11-23 07:55:12): CSV File Written Successfully
INFO (2016-11-23 07:57:12): CSV File Written Successfully
INFO (2016-11-23 07:58:12): CSV File Written Successfully
INFO (2016-11-23 07:59:12): CSV File Written Successfully
INFO (2016-11-23 08:00:12): CSV File Written Successfully
INFO (2016-11-23 08:02:12): CSV File Written Successfully
INFO (2016-11-23 08:07:12): CSV File Written Successfully
INFO (2016-11-23 08:11:12): CSV File Written Successfully
INFO (2016-11-23 08:12:12): CSV File Written Successfully
INFO (2016-11-23 08:15:12): CSV File Written Successfully
INFO (2016-11-23 08:17:12): CSV File Written Successfully
INFO (2016-11-23 08:18:12): CSV File Written Successfully
INFO (2016-11-23 08:23:12): CSV File Written Successfully
INFO (2016-11-23 08:25:12): CSV File Written Successfully
INFO (2016-11-23 08:26:12): CSV File Written Successfully
INFO (2016-11-23 08:27:12): CSV File Written Successfully
INFO (2016-11-23 08:29:12): CSV File Written Successfully
INFO (2016-11-23 08:30:12): CSV File Written Successfully
INFO (2016-11-23 08:31:12): CSV File Written Successfully
INFO (2016-11-23 08:33:12): CSV File Written Successfully
INFO (2016-11-23 08:34:12): CSV File Written Successfully
INFO (2016-11-23 08:36:12): CSV File Written Successfully
INFO (2016-11-23 08:41:12): CSV File Written Successfully
INFO (2016-11-23 08:45:12): CSV File Written Successfully
INFO (2016-11-23 08:46:12): CSV File Written Successfully
INFO (2016-11-23 08:47:12): CSV File Written Successfully
INFO (2016-11-23 08:50:12): CSV File Written Successfully
INFO (2016-11-23 08:55:12): CSV File Written Successfully
INFO (2016-11-23 09:00:12): CSV File Written Successfully
INFO (2016-11-23 09:03:13): CSV File Written Successfully
INFO (2016-11-23 09:47:13): CSV File Written Successfully
INFO (2016-11-23 09:51:13): CSV File Written Successfully
INFO (2016-11-23 11:05:14): CSV File Written Successfully
INFO (2016-11-23 12:03:14): CSV File Written Successfully
INFO (2016-11-23 12:08:15): CSV File Written Successfully
INFO (2016-11-23 12:33:15): CSV File Written Successfully
INFO (2016-11-23 12:48:15): CSV File Written Successfully
INFO (2016-11-23 13:15:15): CSV File Written Successfully
INFO (2016-11-23 13:17:15): CSV File Written Successfully
INFO (2016-11-23 13:22:15): CSV File Written Successfully
INFO (2016-11-23 13:27:15): CSV File Written Successfully
INFO (2016-11-23 13:28:15): CSV File Written Successfully
INFO (2016-11-23 13:29:15): CSV File Written Successfully
INFO (2016-11-23 13:30:15): CSV File Written Successfully
INFO (2016-11-23 13:33:15): CSV File Written Successfully
INFO (2016-11-23 13:38:15): CSV File Written Successfully
INFO (2016-11-23 13:39:15): CSV File Written Successfully
INFO (2016-11-23 13:41:16): CSV File Written Successfully
INFO (2016-11-23 13:43:16): CSV File Written Successfully
INFO (2016-11-23 13:44:16): CSV File Written Successfully
ERROR (2016-11-23 13:45:16): Error: ENOENT: no such file or directory, rename 'C:\Program Files\SoftworksTBSMiddleware\temp\trans_231120161345.con' -> 'C:\Trans\trans_231120161345.txt'
ERROR (2016-11-23 13:45:16): Caught exception: TypeError: msg.trim is not a function
INFO (2016-11-23 14:00:16): CSV File Written Successfully
INFO (2016-11-23 14:01:16): CSV File Written Successfully
INFO (2016-11-23 14:02:16): CSV File Written Successfully
INFO (2016-11-23 14:08:16): CSV File Written Successfully
INFO (2016-11-23 14:18:16): CSV File Written Successfully
INFO (2016-11-23 14:41:16): CSV File Written Successfully
INFO (2016-11-23 14:43:16): CSV File Written Successfully
INFO (2016-11-23 14:56:16): CSV File Written Successfully
INFO (2016-11-23 14:58:16): CSV File Written Successfully
INFO (2016-11-23 15:01:16): CSV File Written Successfully
INFO (2016-11-23 15:04:16): CSV File Written Successfully
INFO (2016-11-23 15:06:16): CSV File Written Successfully
INFO (2016-11-23 15:30:17): CSV File Written Successfully
INFO (2016-11-23 15:46:17): CSV File Written Successfully
INFO (2016-11-23 15:53:17): CSV File Written Successfully
INFO (2016-11-23 15:58:17): CSV File Written Successfully
INFO (2016-11-23 16:01:17): CSV File Written Successfully
INFO (2016-11-23 16:02:17): CSV File Written Successfully
INFO (2016-11-23 16:03:17): CSV File Written Successfully
INFO (2016-11-23 16:05:17): CSV File Written Successfully
INFO (2016-11-23 16:06:17): CSV File Written Successfully
INFO (2016-11-23 16:07:17): CSV File Written Successfully
INFO (2016-11-23 16:08:17): CSV File Written Successfully
INFO (2016-11-23 16:09:17): CSV File Written Successfully
INFO (2016-11-23 16:11:17): CSV File Written Successfully
INFO (2016-11-23 16:14:17): CSV File Written Successfully
INFO (2016-11-23 16:15:17): CSV File Written Successfully
INFO (2016-11-23 16:16:17): CSV File Written Successfully
INFO (2016-11-23 16:17:17): CSV File Written Successfully
INFO (2016-11-23 16:19:17): CSV File Written Successfully
INFO (2016-11-23 16:28:17): CSV File Written Successfully
INFO (2016-11-23 16:30:17): CSV File Written Successfully
INFO (2016-11-23 16:31:17): CSV File Written Successfully
INFO (2016-11-23 16:32:17): CSV File Written Successfully
INFO (2016-11-23 16:33:17): CSV File Written Successfully
INFO (2016-11-23 16:34:17): CSV File Written Successfully
INFO (2016-11-23 16:36:17): CSV File Written Successfully
INFO (2016-11-23 16:37:17): CSV File Written Successfully
INFO (2016-11-23 16:38:17): CSV File Written Successfully
INFO (2016-11-23 16:39:17): CSV File Written Successfully
INFO (2016-11-23 16:40:17): CSV File Written Successfully
INFO (2016-11-23 16:42:17): CSV File Written Successfully
INFO (2016-11-23 16:43:17): CSV File Written Successfully
INFO (2016-11-23 16:52:18): CSV File Written Successfully
INFO (2016-11-23 16:53:18): CSV File Written Successfully
INFO (2016-11-23 16:59:18): CSV File Written Successfully
INFO (2016-11-23 17:00:18): CSV File Written Successfully
INFO (2016-11-23 17:01:18): CSV File Written Successfully
INFO (2016-11-23 17:04:18): CSV File Written Successfully
INFO (2016-11-23 17:05:18): CSV File Written Successfully
INFO (2016-11-23 17:07:18): CSV File Written Successfully
INFO (2016-11-23 17:08:18): CSV File Written Successfully
INFO (2016-11-23 17:15:18): CSV File Written Successfully
INFO (2016-11-23 17:17:18): CSV File Written Successfully
INFO (2016-11-23 17:18:18): CSV File Written Successfully
INFO (2016-11-23 17:20:18): CSV File Written Successfully
INFO (2016-11-23 17:21:18): CSV File Written Successfully
INFO (2016-11-23 17:22:18): CSV File Written Successfully
INFO (2016-11-23 17:28:18): CSV File Written Successfully
INFO (2016-11-23 17:30:18): CSV File Written Successfully
INFO (2016-11-23 17:34:18): CSV File Written Successfully
INFO (2016-11-23 17:36:18): CSV File Written Successfully
INFO (2016-11-23 17:38:18): CSV File Written Successfully
INFO (2016-11-23 17:48:18): CSV File Written Successfully
INFO (2016-11-23 17:49:18): CSV File Written Successfully
INFO (2016-11-23 17:53:18): CSV File Written Successfully
INFO (2016-11-23 17:54:18): CSV File Written Successfully
INFO (2016-11-23 17:55:18): CSV File Written Successfully
INFO (2016-11-23 18:01:18): CSV File Written Successfully
INFO (2016-11-23 18:02:18): CSV File Written Successfully
INFO (2016-11-23 18:04:18): CSV File Written Successfully
INFO (2016-11-23 18:09:18): CSV File Written Successfully
INFO (2016-11-23 18:11:18): CSV File Written Successfully
INFO (2016-11-23 18:12:18): CSV File Written Successfully
INFO (2016-11-23 18:13:18): CSV File Written Successfully
INFO (2016-11-23 18:16:18): CSV File Written Successfully
INFO (2016-11-23 18:17:18): CSV File Written Successfully
INFO (2016-11-23 18:18:18): CSV File Written Successfully
INFO (2016-11-23 18:20:18): CSV File Written Successfully
INFO (2016-11-23 19:15:19): CSV File Written Successfully
INFO (2016-11-23 19:46:19): CSV File Written Successfully
INFO (2016-11-23 19:51:19): CSV File Written Successfully
INFO (2016-11-23 21:25:21): CSV File Written Successfully
INFO (2016-11-23 21:28:21): CSV File Written Successfully
INFO (2016-11-23 21:30:21): CSV File Written Successfully
INFO (2016-11-23 21:32:21): CSV File Written Successfully
INFO (2016-11-23 21:34:21): CSV File Written Successfully
INFO (2016-11-23 21:35:21): CSV File Written Successfully
INFO (2016-11-23 21:36:21): CSV File Written Successfully
INFO (2016-11-23 21:41:21): CSV File Written Successfully
INFO (2016-11-23 21:42:21): CSV File Written Successfully
INFO (2016-11-23 21:43:21): CSV File Written Successfully
INFO (2016-11-23 21:44:21): CSV File Written Successfully
INFO (2016-11-23 21:46:21): CSV File Written Successfully
INFO (2016-11-23 22:00:21): CSV File Written Successfully
INFO (2016-11-23 22:01:21): CSV File Written Successfully
INFO (2016-11-23 22:47:21): CSV File Written Successfully
INFO (2016-11-23 22:51:21): CSV File Written Successfully
INFO (2016-11-23 22:52:22): CSV File Written Successfully
INFO (2016-11-23 22:53:22): CSV File Written Successfully
INFO (2016-11-24 04:02:25): CSV File Written Successfully
INFO (2016-11-24 04:03:25): CSV File Written Successfully
INFO (2016-11-24 05:10:25): CSV File Written Successfully
INFO (2016-11-24 05:20:26): CSV File Written Successfully
INFO (2016-11-24 05:29:26): CSV File Written Successfully
INFO (2016-11-24 05:33:26): CSV File Written Successfully
INFO (2016-11-24 05:37:26): CSV File Written Successfully
INFO (2016-11-24 05:38:26): CSV File Written Successfully
INFO (2016-11-24 05:39:26): CSV File Written Successfully
INFO (2016-11-24 05:40:26): CSV File Written Successfully
INFO (2016-11-24 05:41:26): CSV File Written Successfully
INFO (2016-11-24 05:43:26): CSV File Written Successfully
INFO (2016-11-24 05:44:26): CSV File Written Successfully
INFO (2016-11-24 05:45:26): CSV File Written Successfully
INFO (2016-11-24 05:47:26): CSV File Written Successfully
INFO (2016-11-24 05:48:26): CSV File Written Successfully
INFO (2016-11-24 05:49:26): CSV File Written Successfully
INFO (2016-11-24 05:50:26): CSV File Written Successfully
INFO (2016-11-24 05:57:26): CSV File Written Successfully
INFO (2016-11-24 05:58:26): CSV File Written Successfully
INFO (2016-11-24 06:00:26): CSV File Written Successfully
INFO (2016-11-24 06:01:26): CSV File Written Successfully
INFO (2016-11-24 06:02:26): CSV File Written Successfully
INFO (2016-11-24 06:03:26): CSV File Written Successfully
INFO (2016-11-24 06:05:26): CSV File Written Successfully
INFO (2016-11-24 06:09:26): CSV File Written Successfully
INFO (2016-11-24 06:13:26): CSV File Written Successfully
INFO (2016-11-24 06:24:26): CSV File Written Successfully
INFO (2016-11-24 06:26:26): CSV File Written Successfully
INFO (2016-11-24 06:29:26): CSV File Written Successfully
INFO (2016-11-24 06:30:26): CSV File Written Successfully
INFO (2016-11-24 06:32:26): CSV File Written Successfully
INFO (2016-11-24 06:38:26): CSV File Written Successfully
INFO (2016-11-24 06:40:27): CSV File Written Successfully
INFO (2016-11-24 06:47:27): CSV File Written Successfully
INFO (2016-11-24 06:51:27): CSV File Written Successfully
INFO (2016-11-24 06:52:27): CSV File Written Successfully
INFO (2016-11-24 06:54:27): CSV File Written Successfully
INFO (2016-11-24 06:57:27): CSV File Written Successfully
INFO (2016-11-24 07:01:27): CSV File Written Successfully
INFO (2016-11-24 07:03:27): CSV File Written Successfully
INFO (2016-11-24 07:05:27): CSV File Written Successfully
INFO (2016-11-24 07:09:27): CSV File Written Successfully
INFO (2016-11-24 07:10:27): CSV File Written Successfully
INFO (2016-11-24 07:11:27): CSV File Written Successfully
INFO (2016-11-24 07:14:27): CSV File Written Successfully
INFO (2016-11-24 07:15:27): CSV File Written Successfully
INFO (2016-11-24 07:16:27): CSV File Written Successfully
INFO (2016-11-24 07:18:27): CSV File Written Successfully
INFO (2016-11-24 07:19:27): CSV File Written Successfully
INFO (2016-11-24 07:20:27): CSV File Written Successfully
INFO (2016-11-24 07:21:27): CSV File Written Successfully
INFO (2016-11-24 07:25:27): CSV File Written Successfully
INFO (2016-11-24 07:26:27): CSV File Written Successfully
INFO (2016-11-24 07:27:27): CSV File Written Successfully
INFO (2016-11-24 07:28:27): CSV File Written Successfully
INFO (2016-11-24 07:29:27): CSV File Written Successfully
INFO (2016-11-24 07:30:27): CSV File Written Successfully
INFO (2016-11-24 07:32:27): CSV File Written Successfully
INFO (2016-11-24 07:34:27): CSV File Written Successfully
INFO (2016-11-24 07:35:27): CSV File Written Successfully
INFO (2016-11-24 07:37:27): CSV File Written Successfully
INFO (2016-11-24 07:38:27): CSV File Written Successfully
INFO (2016-11-24 07:41:27): CSV File Written Successfully
INFO (2016-11-24 07:43:27): CSV File Written Successfully
INFO (2016-11-24 07:44:27): CSV File Written Successfully
INFO (2016-11-24 07:45:27): CSV File Written Successfully
INFO (2016-11-24 07:47:27): CSV File Written Successfully
INFO (2016-11-24 07:49:27): CSV File Written Successfully
INFO (2016-11-24 07:51:27): CSV File Written Successfully
INFO (2016-11-24 07:53:27): CSV File Written Successfully
INFO (2016-11-24 07:54:27): CSV File Written Successfully
INFO (2016-11-24 07:55:27): CSV File Written Successfully
INFO (2016-11-24 07:56:27): CSV File Written Successfully
INFO (2016-11-24 07:59:27): CSV File Written Successfully
INFO (2016-11-24 08:00:27): CSV File Written Successfully
INFO (2016-11-24 08:01:27): CSV File Written Successfully
INFO (2016-11-24 08:02:27): CSV File Written Successfully
INFO (2016-11-24 08:03:27): CSV File Written Successfully
INFO (2016-11-24 08:04:27): CSV File Written Successfully
INFO (2016-11-24 08:05:27): CSV File Written Successfully
INFO (2016-11-24 08:08:27): CSV File Written Successfully
INFO (2016-11-24 08:09:27): CSV File Written Successfully
INFO (2016-11-24 08:11:27): CSV File Written Successfully
INFO (2016-11-24 08:12:27): CSV File Written Successfully
INFO (2016-11-24 08:15:27): CSV File Written Successfully
INFO (2016-11-24 08:16:27): CSV File Written Successfully
INFO (2016-11-24 08:17:27): CSV File Written Successfully
INFO (2016-11-24 08:18:28): CSV File Written Successfully
INFO (2016-11-24 08:22:28): CSV File Written Successfully
INFO (2016-11-24 08:23:28): CSV File Written Successfully
INFO (2016-11-24 08:24:28): CSV File Written Successfully
INFO (2016-11-24 08:25:28): CSV File Written Successfully
INFO (2016-11-24 08:26:28): CSV File Written Successfully
INFO (2016-11-24 08:27:28): CSV File Written Successfully
INFO (2016-11-24 08:28:28): CSV File Written Successfully
INFO (2016-11-24 08:29:28): CSV File Written Successfully
INFO (2016-11-24 08:33:28): CSV File Written Successfully
INFO (2016-11-24 08:35:28): CSV File Written Successfully
INFO (2016-11-24 08:37:28): CSV File Written Successfully
INFO (2016-11-24 08:39:28): CSV File Written Successfully
INFO (2016-11-24 08:40:28): CSV File Written Successfully
INFO (2016-11-24 08:41:28): CSV File Written Successfully
INFO (2016-11-24 08:50:28): CSV File Written Successfully
INFO (2016-11-24 09:04:28): CSV File Written Successfully
INFO (2016-11-24 09:20:28): CSV File Written Successfully
INFO (2016-11-24 09:21:28): CSV File Written Successfully
INFO (2016-11-24 09:28:28): CSV File Written Successfully
INFO (2016-11-24 09:30:28): CSV File Written Successfully
INFO (2016-11-24 09:48:28): CSV File Written Successfully
INFO (2016-11-24 09:52:28): CSV File Written Successfully
INFO (2016-11-24 10:08:48): Web UI Has started on: http://localhost:3040
INFO (2016-11-24 10:08:48): Product is licensed to: Formaplex Ltd., From: November 1st 2016, 10:34:51 am to November 1st 2017, 10:34:51 am
INFO (2016-11-24 11:02:48): CSV File Written Successfully
